verification result:
spin -a  63504-12_Lukashin_A_model.pml
ltl pS_NS: [] (! (((((NS@green)) && ((WN@green))) && ((SW@green))) && ((EW@green))))
ltl pS_WN: [] (! ((((((WN@green)) && ((NS@green))) && ((NE@green))) && ((SW@green))) && ((EW@green))))
ltl pS_EW: [] (! (((((EW@green)) && ((NE@green))) && ((WN@green))) && ((NS@green))))
ltl pS_NE: [] (! (((((NE@green)) && ((WN@green))) && ((ES@green))) && ((EW@green))))
ltl pS_ES: [] (! (((((SW@green)) && ((ES@green))) && ((WN@green))) && ((NS@green))))
ltl pS_SW: [] (! (((((SW@green)) && ((ES@green))) && ((WN@green))) && ((NS@green))))
ltl pF_NS: (! ([] (<> (! (((((WN@green)) && ((gen_t@WNTrue))) || (((EW@green)) && ((gen_t@EWTrue)))) || (((SW@green)) && ((gen_t@SWTrue)))))))) || ([] ((! (((gen_t@NSTrue)) && ((NS@red)))) || (<> ((NS@green)))))
  the model contains 7 never claims: pF_NS, pS_SW, pS_ES, pS_NE, pS_EW, pS_WN, pS_NS
  only one claim is used in a verification run
  choose which one with ./pan -a -N name (defaults to -N pS_NS)
gcc -DMEMLIM=5000 -O2 -DXUSAFE -w -o pan pan.c
./pan -m60000000  -a -N pNS_F
Pid: 2220
pan: error: cannot find claim 'pNS_F'
spin -a  63504-12_Lukashin_A_model.pml
ltl pS_NS: [] (! (((((NS@green)) && ((WN@green))) && ((SW@green))) && ((EW@green))))
ltl pS_WN: [] (! ((((((WN@green)) && ((NS@green))) && ((NE@green))) && ((SW@green))) && ((EW@green))))
ltl pS_EW: [] (! (((((EW@green)) && ((NE@green))) && ((WN@green))) && ((NS@green))))
ltl pS_NE: [] (! (((((NE@green)) && ((WN@green))) && ((ES@green))) && ((EW@green))))
ltl pS_ES: [] (! (((((SW@green)) && ((ES@green))) && ((WN@green))) && ((NS@green))))
ltl pS_SW: [] (! (((((SW@green)) && ((ES@green))) && ((WN@green))) && ((NS@green))))
ltl pF_NS: (! ([] (<> (! (((((WN@green)) && ((gen_t@WNTrue))) || (((EW@green)) && ((gen_t@EWTrue)))) || (((SW@green)) && ((gen_t@SWTrue)))))))) || ([] ((! (((gen_t@NSTrue)) && ((NS@red)))) || (<> ((NS@green)))))
  the model contains 7 never claims: pF_NS, pS_SW, pS_ES, pS_NE, pS_EW, pS_WN, pS_NS
  only one claim is used in a verification run
  choose which one with ./pan -a -N name (defaults to -N pS_NS)
gcc -DMEMLIM=5000 -O2 -DXUSAFE -w -o pan pan.c
./pan -m60000000  -a -N pF_NS
Pid: 2232
Depth= 1000231 States=    1e+06 Transitions=  1.5e+06 Memory=  3426.975	t=     1.87 R=   5e+05
Depth= 2000231 States=    2e+06 Transitions=    3e+06 Memory=  3521.408	t=     3.76 R=   5e+05
Depth= 3000231 States=    3e+06 Transitions=  4.5e+06 Memory=  3615.842	t=     5.68 R=   5e+05
Depth= 4000231 States=    4e+06 Transitions=    6e+06 Memory=  3710.276	t=     7.62 R=   5e+05
Depth= 5000231 States=    5e+06 Transitions=  7.5e+06 Memory=  3804.709	t=     9.58 R=   5e+05
Depth= 6000231 States=    6e+06 Transitions=    9e+06 Memory=  3899.143	t=     11.6 R=   5e+05
Depth= 7000231 States=    7e+06 Transitions= 1.05e+07 Memory=  3993.576	t=     13.6 R=   5e+05
Depth= 8000231 States=    8e+06 Transitions=  1.2e+07 Memory=  4088.010	t=     15.7 R=   5e+05
Depth= 9000231 States=    9e+06 Transitions= 1.35e+07 Memory=  4182.541	t=     17.7 R=   5e+05
Depth= 10000231 States=    1e+07 Transitions=  1.5e+07 Memory=  4276.975	t=     19.8 R=   5e+05
Depth= 11000231 States=  1.1e+07 Transitions= 1.65e+07 Memory=  4371.408	t=     21.9 R=   5e+05
Depth= 12000231 States=  1.2e+07 Transitions=  1.8e+07 Memory=  4465.842	t=     24.1 R=   5e+05
Depth= 13000231 States=  1.3e+07 Transitions= 1.95e+07 Memory=  4560.276	t=     26.2 R=   5e+05
Depth= 14000231 States=  1.4e+07 Transitions=  2.1e+07 Memory=  4654.709	t=     28.4 R=   5e+05
Depth= 15000231 States=  1.5e+07 Transitions= 2.25e+07 Memory=  4749.143	t=     30.6 R=   5e+05
Depth= 16000231 States=  1.6e+07 Transitions=  2.4e+07 Memory=  4843.576	t=     32.8 R=   5e+05
Depth= 17000231 States=  1.7e+07 Transitions= 2.55e+07 Memory=  4938.108	t=       35 R=   5e+05
stopped
To replay the error-trail, goto Simulate/Replay and select "Run"
stopped
tions=  1.5e+06 Memory=  3426.975	t=     1.87 R=   5e+05
Depth= 2000231 States=    2e+06 Transitions=    3e+06 Memory=  3521.408	t=     3.76 R=   5e+05
Depth= 3000231 States=    3e+06 Transitions=  4.5e+06 Memory=  3615.842	t=     5.68 R=   5e+05
Depth= 4000231 States=    4e+06 Transitions=    6e+06 Memory=  3710.276	t=     7.62 R=   5e+05
Depth= 5000231 States=    5e+06 Transitions=  7.5e+06 Memory=  3804.709	t=     9.58 R=   5e+05
Depth= 6000231 States=    6e+06 Transitions=    9e+06 Memory=  3899.143	t=     11.6 R=   5e+05
Depth= 7000231 States=    7e+06 Transitions= 1.05e+07 Memory=  3993.576	t=     13.6 R=   5e+05
Depth= 8000231 States=    8e+06 Transitions=  1.2e+07 Memory=  4088.010	t=     15.7 R=   5e+05
Depth= 9000231 States=    9e+06 Transitions= 1.35e+07 Memory=  4182.541	t=     17.7 R=   5e+05
Depth= 10000231 States=    1e+07 Transitions=  1.5e+07 Memory=  4276.975	t=     19.8 R=   5e+05
Depth= 11000231 States=  1.1e+07 Transitions= 1.65e+07 Memory=  4371.408	t=     21.9 R=   5e+05
Depth= 12000231 States=  1.2e+07 Transitions=  1.8e+07 Memory=  4465.842	t=     24.1 R=   5e+05
Depth= 13000231 States=  1.3e+07 Transitions= 1.95e+07 Memory=  4560.276	t=     26.2 R=   5e+05
Depth= 14000231 States=  1.4e+07 Transitions=  2.1e+07 Memory=  4654.709	t=     28.4 R=   5e+05
Depth= 15000231 States=  1.5e+07 Transitions= 2.25e+07 Memory=  4749.143	t=     30.6 R=   5e+05
Depth= 16000231 States=  1.6e+07 Transitions=  2.4e+07 Memory=  4843.576	t=     32.8 R=   5e+05
Depth= 17000231 States=  1.7e+07 Transitions= 2.55e+07 Memory=  4938.108	t=       35 R=   5e+05
To replay the error-trail, goto Simulate/Replay and select "Run"
spin -a  63504-12_Lukashin_A_model.pml
ltl pS_NS: [] (! (((((NS@green)) && ((WN@green))) && ((SW@green))) && ((EW@green))))
ltl pS_WN: [] (! ((((((WN@green)) && ((NS@green))) && ((NE@green))) && ((SW@green))) && ((EW@green))))
ltl pS_EW: [] (! (((((EW@green)) && ((NE@green))) && ((WN@green))) && ((NS@green))))
ltl pS_NE: [] (! (((((NE@green)) && ((WN@green))) && ((ES@green))) && ((EW@green))))
ltl pS_ES: [] (! (((((SW@green)) && ((ES@green))) && ((WN@green))) && ((NS@green))))
ltl pS_SW: [] (! (((((SW@green)) && ((ES@green))) && ((WN@green))) && ((NS@green))))
ltl pF_NS: (! ([] (<> (! (((((WN@green)) && ((gen_t@WNTrue))) || (((EW@green)) && ((gen_t@EWTrue)))) || (((SW@green)) && ((gen_t@SWTrue)))))))) || ([] ((! (((gen_t@NSTrue)) && ((NS@red)))) || (<> ((NS@green)))))
  the model contains 7 never claims: pF_NS, pS_SW, pS_ES, pS_NE, pS_EW, pS_WN, pS_NS
  only one claim is used in a verification run
  choose which one with ./pan -a -N name (defaults to -N pS_NS)
gcc -DMEMLIM=5500 -O2 -DXUSAFE -w -o pan pan.c
./pan -m60000000  -a -N pF_NS
Pid: 2295
Depth= 1000231 States=    1e+06 Transitions=  1.5e+06 Memory=  3426.975	t=     1.87 R=   5e+05
Depth= 2000231 States=    2e+06 Transitions=    3e+06 Memory=  3521.408	t=     3.76 R=   5e+05
Depth= 3000231 States=    3e+06 Transitions=  4.5e+06 Memory=  3615.842	t=     5.67 R=   5e+05
Depth= 4000231 States=    4e+06 Transitions=    6e+06 Memory=  3710.276	t=     7.63 R=   5e+05
Depth= 5000231 States=    5e+06 Transitions=  7.5e+06 Memory=  3804.709	t=     9.58 R=   5e+05
Depth= 6000231 States=    6e+06 Transitions=    9e+06 Memory=  3899.143	t=     11.5 R=   5e+05
Depth= 7000231 States=    7e+06 Transitions= 1.05e+07 Memory=  3993.576	t=     13.6 R=   5e+05
Depth= 8000231 States=    8e+06 Transitions=  1.2e+07 Memory=  4088.010	t=     15.6 R=   5e+05
Depth= 9000231 States=    9e+06 Transitions= 1.35e+07 Memory=  4182.541	t=     17.7 R=   5e+05
Depth= 10000231 States=    1e+07 Transitions=  1.5e+07 Memory=  4276.975	t=     19.8 R=   5e+05
Depth= 11000231 States=  1.1e+07 Transitions= 1.65e+07 Memory=  4371.408	t=     21.8 R=   5e+05
Depth= 12000231 States=  1.2e+07 Transitions=  1.8e+07 Memory=  4465.842	t=     23.9 R=   5e+05
Depth= 13000231 States=  1.3e+07 Transitions= 1.95e+07 Memory=  4560.276	t=       26 R=   5e+05
Depth= 14000231 States=  1.4e+07 Transitions=  2.1e+07 Memory=  4654.709	t=     28.1 R=   5e+05
Depth= 15000231 States=  1.5e+07 Transitions= 2.25e+07 Memory=  4749.143	t=     30.2 R=   5e+05
Depth= 16000231 States=  1.6e+07 Transitions=  2.4e+07 Memory=  4843.576	t=     32.3 R=   5e+05
Depth= 17000231 States=  1.7e+07 Transitions= 2.55e+07 Memory=  4938.108	t=     34.5 R=   5e+05
stopped
To replay the error-trail, goto Simulate/Replay and select "Run"
spin -a  63504-12_Lukashin_A_model.pml
ltl pS_NS: [] (! (((((NS@green)) && ((WN@green))) && ((SW@green))) && ((EW@green))))
ltl pS_WN: [] (! ((((((WN@green)) && ((NS@green))) && ((NE@green))) && ((SW@green))) && ((EW@green))))
ltl pS_EW: [] (! (((((EW@green)) && ((NE@green))) && ((WN@green))) && ((NS@green))))
ltl pS_NE: [] (! (((((NE@green)) && ((WN@green))) && ((ES@green))) && ((EW@green))))
ltl pS_ES: [] (! (((((SW@green)) && ((ES@green))) && ((WN@green))) && ((NS@green))))
ltl pS_SW: [] (! (((((SW@green)) && ((ES@green))) && ((WN@green))) && ((NS@green))))
ltl pF_NS: (! ([] (<> (! (((((WN@green)) && ((gen_t@WNTrue))) || (((EW@green)) && ((gen_t@EWTrue)))) || (((SW@green)) && ((gen_t@SWTrue)))))))) || ([] ((! (((gen_t@NSTrue)) && ((NS@red)))) || (<> ((NS@green)))))
  the model contains 7 never claims: pF_NS, pS_SW, pS_ES, pS_NE, pS_EW, pS_WN, pS_NS
  only one claim is used in a verification run
  choose which one with ./pan -a -N name (defaults to -N pS_NS)
gcc -DMEMLIM=5500 -O2 -DXUSAFE -w -o pan pan.c
./pan -m60000000  -a -N pF_NS
Pid: 3036
pan:1: acceptance cycle (at depth 643)
pan: wrote 63504-12_Lukashin_A_model.pml.trail

(Spin Version 6.2.5 -- 3 May 2013)
Warning: Search not completed
	+ Partial Order Reduction

Full statespace search for:
	never claim         	+ (pF_NS)
	assertion violations	+ (if within scope of claim)
	acceptance   cycles 	+ (fairness disabled)
	invalid end states	- (disabled by never claim)

State-vector 164 byte, depth reached 645, errors: 1
      294 states, stored
        0 states, matched
      294 transitions (= stored+matched)
        0 atomic steps
hash conflicts:         0 (resolved)

Stats on memory usage (in Megabytes):
    0.054	equivalent memory usage for states (stored*(State-vector + overhead))
    0.268	actual memory usage for states
  128.000	memory used for hash table (-w24)
 3204.346	memory used for DFS stack (-m60000000)
 3332.541	total actual memory usage



pan: elapsed time 0.03 seconds
To replay the error-trail, goto Simulate/Replay and select "Run"
spin -a  63504-12_Lukashin_A_model.pml
ltl pS_NS: [] (! (((((NS@green)) && ((WN@green))) && ((SW@green))) && ((EW@green))))
ltl pS_WN: [] (! ((((((WN@green)) && ((NS@green))) && ((NE@green))) && ((SW@green))) && ((EW@green))))
ltl pS_EW: [] (! (((((EW@green)) && ((NE@green))) && ((WN@green))) && ((NS@green))))
ltl pS_NE: [] (! (((((NE@green)) && ((WN@green))) && ((ES@green))) && ((EW@green))))
ltl pS_ES: [] (! (((((SW@green)) && ((ES@green))) && ((WN@green))) && ((NS@green))))
ltl pS_SW: [] (! (((((SW@green)) && ((ES@green))) && ((WN@green))) && ((NS@green))))
ltl pF_NS: (! ([] (<> (! (((((WN@green)) && ((gen_t@WNTrue))) || (((EW@green)) && ((gen_t@EWTrue)))) || (((SW@green)) && ((gen_t@SWTrue)))))))) || ([] ((! (((gen_t@NSTrue)) && ((NS@red)))) || (<> ((NS@green)))))
  the model contains 7 never claims: pF_NS, pS_SW, pS_ES, pS_NE, pS_EW, pS_WN, pS_NS
  only one claim is used in a verification run
  choose which one with ./pan -a -N name (defaults to -N pS_NS)
gcc -DMEMLIM=5500 -O2 -DXUSAFE -w -o pan pan.c
./pan -m60000000  -a -N pF_NS
Pid: 3120
pan:1: acceptance cycle (at depth 643)
pan: wrote 63504-12_Lukashin_A_model.pml.trail

(Spin Version 6.2.5 -- 3 May 2013)
Warning: Search not completed
	+ Partial Order Reduction

Full statespace search for:
	never claim         	+ (pF_NS)
	assertion violations	+ (if within scope of claim)
	acceptance   cycles 	+ (fairness disabled)
	invalid end states	- (disabled by never claim)

State-vector 164 byte, depth reached 645, errors: 1
      294 states, stored
        0 states, matched
      294 transitions (= stored+matched)
        0 atomic steps
hash conflicts:         0 (resolved)

Stats on memory usage (in Megabytes):
    0.054	equivalent memory usage for states (stored*(State-vector + overhead))
    0.268	actual memory usage for states
  128.000	memory used for hash table (-w24)
 3204.346	memory used for DFS stack (-m60000000)
 3332.541	total actual memory usage



pan: elapsed time 0 seconds
To replay the error-trail, goto Simulate/Replay and select "Run"
spin -a  63504-12_Lukashin_A_model.pml
ltl pS_NS: [] (! (((((NS@green)) && ((WN@green))) && ((SW@green))) && ((EW@green))))
ltl pS_WN: [] (! ((((((WN@green)) && ((NS@green))) && ((NE@green))) && ((SW@green))) && ((EW@green))))
ltl pS_EW: [] (! (((((EW@green)) && ((NE@green))) && ((WN@green))) && ((NS@green))))
ltl pS_NE: [] (! (((((NE@green)) && ((WN@green))) && ((ES@green))) && ((EW@green))))
ltl pS_ES: [] (! (((((SW@green)) && ((ES@green))) && ((WN@green))) && ((NS@green))))
ltl pS_SW: [] (! (((((SW@green)) && ((ES@green))) && ((WN@green))) && ((NS@green))))
ltl pF_NS: (! ([] (<> (! (((((WN@green)) && ((gen_t@WNTrue))) || (((EW@green)) && ((gen_t@EWTrue)))) || (((SW@green)) && ((gen_t@SWTrue)))))))) || ([] ((! (((gen_t@NSTrue)) && ((NS@red)))) || (<> ((NS@green)))))
  the model contains 7 never claims: pF_NS, pS_SW, pS_ES, pS_NE, pS_EW, pS_WN, pS_NS
  only one claim is used in a verification run
  choose which one with ./pan -a -N name (defaults to -N pS_NS)
gcc -DMEMLIM=5500 -O2 -DXUSAFE -w -o pan pan.c
./pan -m60000000  -a -N pF_NS
Pid: 3206
pan:1: acceptance cycle (at depth 283114)
pan: wrote 63504-12_Lukashin_A_model.pml.trail

(Spin Version 6.2.5 -- 3 May 2013)
Warning: Search not completed
	+ Partial Order Reduction

Full statespace search for:
	never claim         	+ (pF_NS)
	assertion violations	+ (if within scope of claim)
	acceptance   cycles 	+ (fairness disabled)
	invalid end states	- (disabled by never claim)

State-vector 164 byte, depth reached 283117, errors: 1
   322590 states, stored
   479812 states, matched
   802402 transitions (= stored+matched)
        4 atomic steps
hash conflicts:      2502 (resolved)

Stats on memory usage (in Megabytes):
   59.068	equivalent memory usage for states (stored*(State-vector + overhead))
   34.951	actual memory usage for states (compression: 59.17%)
         	state-vector as stored = 86 byte + 28 byte overhead
  128.000	memory used for hash table (-w24)
 3204.346	memory used for DFS stack (-m60000000)
 3367.209	total actual memory usage



pan: elapsed time 1.01 seconds
To replay the error-trail, goto Simulate/Replay and select "Run"
spin -a  63504-12_Lukashin_A_model.pml
ltl pS_NS: [] (! (((((NS@green)) && ((WN@green))) && ((SW@green))) && ((EW@green))))
ltl pS_WN: [] (! ((((((WN@green)) && ((NS@green))) && ((NE@green))) && ((SW@green))) && ((EW@green))))
ltl pS_EW: [] (! (((((EW@green)) && ((NE@green))) && ((WN@green))) && ((NS@green))))
ltl pS_NE: [] (! (((((NE@green)) && ((WN@green))) && ((ES@green))) && ((EW@green))))
ltl pS_ES: [] (! (((((SW@green)) && ((ES@green))) && ((WN@green))) && ((NS@green))))
ltl pS_SW: [] (! (((((SW@green)) && ((ES@green))) && ((WN@green))) && ((NS@green))))
ltl pF_NS: (! ([] (<> (! (((((WN@green)) && ((gen_t@WNTrue))) || (((EW@green)) && ((gen_t@EWTrue)))) || (((SW@green)) && ((gen_t@SWTrue)))))))) || ([] ((! (((gen_t@NSTrue)) && ((NS@red)))) || (<> ((NS@green)))))
  the model contains 7 never claims: pF_NS, pS_SW, pS_ES, pS_NE, pS_EW, pS_WN, pS_NS
  only one claim is used in a verification run
  choose which one with ./pan -a -N name (defaults to -N pS_NS)
gcc -DMEMLIM=5500 -O2 -DXUSAFE -w -o pan pan.c
./pan -m60000000  -a -N pS_NS
Pid: 3251
Depth=  646379 States=    1e+06 Transitions= 2.82e+06 Memory=  3439.963	t=     1.73 R=   6e+05
Depth=  836311 States=    2e+06 Transitions= 6.18e+06 Memory=  3546.994	t=     3.67 R=   5e+05
Depth=  849971 States=    3e+06 Transitions= 9.72e+06 Memory=  3653.830	t=      5.7 R=   5e+05
Depth=  870689 States=    4e+06 Transitions= 1.33e+07 Memory=  3760.764	t=     7.84 R=   5e+05
Depth=  967965 States=    5e+06 Transitions= 1.69e+07 Memory=  3867.697	t=       10 R=   5e+05
Depth= 1189727 States=    6e+06 Transitions= 2.04e+07 Memory=  3974.729	t=     12.2 R=   5e+05
Depth= 1360269 States=    7e+06 Transitions= 2.38e+07 Memory=  4081.760	t=     14.3 R=   5e+05
Depth= 1883643 States=    8e+06 Transitions= 2.69e+07 Memory=  4189.084	t=       19 R=   4e+05
Depth= 2314695 States=    9e+06 Transitions= 3.02e+07 Memory=  4296.311	t=     21.2 R=   4e+05
Depth= 2773371 States=    1e+07 Transitions= 3.34e+07 Memory=  4403.635	t=     23.3 R=   4e+05
Depth= 3276877 States=  1.1e+07 Transitions= 3.65e+07 Memory=  4510.959	t=     25.4 R=   4e+05
stopped
To replay the error-trail, goto Simulate/Replay and select "Run"
spin -a  63504-12_Lukashin_A_model.pml
ltl pS_NS: [] (! (((((NS@green)) && ((WN@green))) && ((SW@green))) && ((EW@green))))
ltl pS_WN: [] (! ((((((WN@green)) && ((NS@green))) && ((NE@green))) && ((SW@green))) && ((EW@green))))
ltl pS_EW: [] (! (((((EW@green)) && ((NE@green))) && ((WN@green))) && ((NS@green))))
ltl pS_NE: [] (! (((((NE@green)) && ((WN@green))) && ((ES@green))) && ((EW@green))))
ltl pS_ES: [] (! (((((SW@green)) && ((ES@green))) && ((WN@green))) && ((NS@green))))
ltl pS_SW: [] (! (((((SW@green)) && ((ES@green))) && ((WN@green))) && ((NS@green))))
ltl pF_NS: (! ([] (<> (! (((((WN@green)) && ((gen_t@WNTrue))) || (((EW@green)) && ((gen_t@EWTrue)))) || (((SW@green)) && ((gen_t@SWTrue)))))))) || ([] ((! (((gen_t@NSTrue)) && ((NS@red)))) || (<> ((NS@green)))))
  the model contains 7 never claims: pF_NS, pS_SW, pS_ES, pS_NE, pS_EW, pS_WN, pS_NS
  only one claim is used in a verification run
  choose which one with ./pan -a -N name (defaults to -N pS_NS)
gcc -DMEMLIM=5500 -O2 -DXUSAFE -w -o pan pan.c
./pan -m60000000  -a -N pF_NS
Pid: 3349
pan:1: acceptance cycle (at depth 283114)
pan: wrote 63504-12_Lukashin_A_model.pml.trail

(Spin Version 6.2.5 -- 3 May 2013)
Warning: Search not completed
	+ Partial Order Reduction

Full statespace search for:
	never claim         	+ (pF_NS)
	assertion violations	+ (if within scope of claim)
	acceptance   cycles 	+ (fairness disabled)
	invalid end states	- (disabled by never claim)

State-vector 164 byte, depth reached 283117, errors: 1
   322590 states, stored
   479812 states, matched
   802402 transitions (= stored+matched)
        4 atomic steps
hash conflicts:      2502 (resolved)

Stats on memory usage (in Megabytes):
   59.068	equivalent memory usage for states (stored*(State-vector + overhead))
   34.951	actual memory usage for states (compression: 59.17%)
         	state-vector as stored = 86 byte + 28 byte overhead
  128.000	memory used for hash table (-w24)
 3204.346	memory used for DFS stack (-m60000000)
 3367.209	total actual memory usage



pan: elapsed time 1.04 seconds
To replay the error-trail, goto Simulate/Replay and select "Run"
spin -a  63504-12_Lukashin_A_model.pml
ltl pS_NS: [] (! (((((NS@green)) && ((WN@green))) && ((SW@green))) && ((EW@green))))
ltl pS_WN: [] (! ((((((WN@green)) && ((NS@green))) && ((NE@green))) && ((SW@green))) && ((EW@green))))
ltl pS_EW: [] (! (((((EW@green)) && ((NE@green))) && ((WN@green))) && ((NS@green))))
ltl pS_NE: [] (! (((((NE@green)) && ((WN@green))) && ((ES@green))) && ((EW@green))))
ltl pS_ES: [] (! (((((SW@green)) && ((ES@green))) && ((WN@green))) && ((NS@green))))
ltl pS_SW: [] (! (((((SW@green)) && ((ES@green))) && ((WN@green))) && ((NS@green))))
ltl pL_NS: [] ((! (((gen_t@NSTrue)) && ((NS@red)))) || (<> ((NS@green))))
ltl pF_NS: (! ([] (<> (! (((((WN@green)) && ((gen_t@WNTrue))) || (((EW@green)) && ((gen_t@EWTrue)))) || (((SW@green)) && ((gen_t@SWTrue)))))))) || ([] ((! (((gen_t@NSTrue)) && ((NS@red)))) || (<> ((NS@green)))))
  the model contains 8 never claims: pF_NS, pL_NS, pS_SW, pS_ES, pS_NE, pS_EW, pS_WN, pS_NS
  only one claim is used in a verification run
  choose which one with ./pan -a -N name (defaults to -N pS_NS)
gcc -DMEMLIM=5500 -O2 -DXUSAFE -w -o pan pan.c
./pan -m60000000  -a -N pL_NS
Pid: 3414
pan:1: acceptance cycle (at depth 283114)
pan: wrote 63504-12_Lukashin_A_model.pml.trail

(Spin Version 6.2.5 -- 3 May 2013)
Warning: Search not completed
	+ Partial Order Reduction

Full statespace search for:
	never claim         	+ (pL_NS)
	assertion violations	+ (if within scope of claim)
	acceptance   cycles 	+ (fairness disabled)
	invalid end states	- (disabled by never claim)

State-vector 164 byte, depth reached 283117, errors: 1
   322590 states, stored
   479812 states, matched
   802402 transitions (= stored+matched)
        4 atomic steps
hash conflicts:      2405 (resolved)

Stats on memory usage (in Megabytes):
   59.068	equivalent memory usage for states (stored*(State-vector + overhead))
   34.950	actual memory usage for states (compression: 59.17%)
         	state-vector as stored = 86 byte + 28 byte overhead
  128.000	memory used for hash table (-w24)
 3204.346	memory used for DFS stack (-m60000000)
 3367.209	total actual memory usage



pan: elapsed time 0.98 seconds
To replay the error-trail, goto Simulate/Replay and select "Run"
spin -a  63504-12_Lukashin_A_model.pml
ltl pS_NS: [] (! (((((NS@green)) && ((WN@green))) && ((SW@green))) && ((EW@green))))
ltl pS_WN: [] (! ((((((WN@green)) && ((NS@green))) && ((NE@green))) && ((SW@green))) && ((EW@green))))
ltl pS_EW: [] (! (((((EW@green)) && ((NE@green))) && ((WN@green))) && ((NS@green))))
ltl pS_NE: [] (! (((((NE@green)) && ((WN@green))) && ((ES@green))) && ((EW@green))))
ltl pS_ES: [] (! (((((SW@green)) && ((ES@green))) && ((WN@green))) && ((NS@green))))
ltl pS_SW: [] (! (((((SW@green)) && ((ES@green))) && ((WN@green))) && ((NS@green))))
ltl pL_NS: [] ((! (((gen_t@NSTrue)) && ((NS@red)))) || (<> ((NS@green))))
ltl pF_NS: (! ([] (<> (! (((((WN@green)) && ((gen_t@WNTrue))) || (((EW@green)) && ((gen_t@EWTrue)))) || (((SW@green)) && ((gen_t@SWTrue)))))))) || ([] ((! (((gen_t@NSTrue)) && ((NS@red)))) || (<> ((NS@green)))))
  the model contains 8 never claims: pF_NS, pL_NS, pS_SW, pS_ES, pS_NE, pS_EW, pS_WN, pS_NS
  only one claim is used in a verification run
  choose which one with ./pan -a -N name (defaults to -N pS_NS)
gcc -DMEMLIM=5500 -O2 -DXUSAFE -w -o pan pan.c
./pan -m60000000  -a -N pL_NS
Pid: 3448
pan:1: acceptance cycle (at depth 360926)
pan: wrote 63504-12_Lukashin_A_model.pml.trail

(Spin Version 6.2.5 -- 3 May 2013)
Warning: Search not completed
	+ Partial Order Reduction

Full statespace search for:
	never claim         	+ (pL_NS)
	assertion violations	+ (if within scope of claim)
	acceptance   cycles 	+ (fairness disabled)
	invalid end states	- (disabled by never claim)

State-vector 164 byte, depth reached 360940, errors: 1
   351162 states, stored (351192 visited)
   425908 states, matched
   777100 transitions (= visited+matched)
        4 atomic steps
hash conflicts:      2448 (resolved)

Stats on memory usage (in Megabytes):
   64.300	equivalent memory usage for states (stored*(State-vector + overhead))
   38.077	actual memory usage for states (compression: 59.22%)
         	state-vector as stored = 86 byte + 28 byte overhead
  128.000	memory used for hash table (-w24)
 3204.346	memory used for DFS stack (-m60000000)
 3370.334	total actual memory usage



pan: elapsed time 1.21 seconds
To replay the error-trail, goto Simulate/Replay and select "Run"
spin -a  63504-12_Lukashin_A_model.pml
ltl pS_NS: [] (! (((((NS@green)) && ((WN@green))) && ((SW@green))) && ((EW@green))))
ltl pS_WN: [] (! ((((((WN@green)) && ((NS@green))) && ((NE@green))) && ((SW@green))) && ((EW@green))))
ltl pS_EW: [] (! (((((EW@green)) && ((NE@green))) && ((WN@green))) && ((NS@green))))
ltl pS_NE: [] (! (((((NE@green)) && ((WN@green))) && ((ES@green))) && ((EW@green))))
ltl pS_ES: [] (! (((((SW@green)) && ((ES@green))) && ((WN@green))) && ((NS@green))))
ltl pS_SW: [] (! (((((SW@green)) && ((ES@green))) && ((WN@green))) && ((NS@green))))
ltl pL_NS: [] ((! (((gen_t@NSTrue)) && ((NS@red)))) || (<> ((NS@green))))
ltl pF_NS: (! ([] (<> (! (((((WN@green)) && ((gen_t@WNTrue))) || (((EW@green)) && ((gen_t@EWTrue)))) || (((SW@green)) && ((gen_t@SWTrue)))))))) || ([] ((! (((gen_t@NSTrue)) && ((NS@red)))) || (<> ((NS@green)))))
  the model contains 8 never claims: pF_NS, pL_NS, pS_SW, pS_ES, pS_NE, pS_EW, pS_WN, pS_NS
  only one claim is used in a verification run
  choose which one with ./pan -a -N name (defaults to -N pS_NS)
gcc -DMEMLIM=5500 -O2 -DXUSAFE -w -o pan pan.c
./pan -m60000000  -a -N pF_NS
Pid: 3527
pan:1: acceptance cycle (at depth 360926)
pan: wrote 63504-12_Lukashin_A_model.pml.trail

(Spin Version 6.2.5 -- 3 May 2013)
Warning: Search not completed
	+ Partial Order Reduction

Full statespace search for:
	never claim         	+ (pF_NS)
	assertion violations	+ (if within scope of claim)
	acceptance   cycles 	+ (fairness disabled)
	invalid end states	- (disabled by never claim)

State-vector 164 byte, depth reached 360940, errors: 1
   351188 states, stored (351244 visited)
   425978 states, matched
   777222 transitions (= visited+matched)
        4 atomic steps
hash conflicts:      2275 (resolved)

Stats on memory usage (in Megabytes):
   64.304	equivalent memory usage for states (stored*(State-vector + overhead))
   38.077	actual memory usage for states (compression: 59.21%)
         	state-vector as stored = 86 byte + 28 byte overhead
  128.000	memory used for hash table (-w24)
 3204.346	memory used for DFS stack (-m60000000)
 3370.334	total actual memory usage



pan: elapsed time 1.27 seconds
To replay the error-trail, goto Simulate/Replay and select "Run"
spin -a  63504-12_Lukashin_A_model.pml
ltl pS_NS: [] (! (((((NS@green)) && ((WN@green))) && ((SW@green))) && ((EW@green))))
ltl pS_WN: [] (! ((((((WN@green)) && ((NS@green))) && ((NE@green))) && ((SW@green))) && ((EW@green))))
ltl pS_EW: [] (! (((((EW@green)) && ((NE@green))) && ((WN@green))) && ((NS@green))))
ltl pS_NE: [] (! (((((NE@green)) && ((WN@green))) && ((ES@green))) && ((EW@green))))
ltl pS_ES: [] (! (((((SW@green)) && ((ES@green))) && ((WN@green))) && ((NS@green))))
ltl pS_SW: [] (! (((((SW@green)) && ((ES@green))) && ((WN@green))) && ((NS@green))))
ltl pL_NS: [] ((! (((gen_t@NSTrue)) && ((NS@red)))) || (<> ((NS@green))))
ltl pF_NS: (! ([] (<> (! (((((WN@green)) && ((gen_t@WNTrue))) || (((EW@green)) && ((gen_t@EWTrue)))) || (((SW@green)) && ((gen_t@SWTrue)))))))) || ([] ((! (((gen_t@NSTrue)) && ((NS@red)))) || (<> ((NS@green)))))
  the model contains 8 never claims: pF_NS, pL_NS, pS_SW, pS_ES, pS_NE, pS_EW, pS_WN, pS_NS
  only one claim is used in a verification run
  choose which one with ./pan -a -N name (defaults to -N pS_NS)
gcc -DMEMLIM=5500 -O2 -DXUSAFE -w -o pan pan.c
./pan -m60000000  -a -N pF_NS
Pid: 3753
pan:1: acceptance cycle (at depth 360926)
pan: wrote 63504-12_Lukashin_A_model.pml.trail

(Spin Version 6.2.5 -- 3 May 2013)
Warning: Search not completed
	+ Partial Order Reduction

Full statespace search for:
	never claim         	+ (pF_NS)
	assertion violations	+ (if within scope of claim)
	acceptance   cycles 	+ (fairness disabled)
	invalid end states	- (disabled by never claim)

State-vector 164 byte, depth reached 360940, errors: 1
   351188 states, stored (351244 visited)
   425978 states, matched
   777222 transitions (= visited+matched)
        4 atomic steps
hash conflicts:      2275 (resolved)

Stats on memory usage (in Megabytes):
   64.304	equivalent memory usage for states (stored*(State-vector + overhead))
   38.077	actual memory usage for states (compression: 59.21%)
         	state-vector as stored = 86 byte + 28 byte overhead
  128.000	memory used for hash table (-w24)
 3204.346	memory used for DFS stack (-m60000000)
 3370.334	total actual memory usage



pan: elapsed time 1.17 seconds
To replay the error-trail, goto Simulate/Replay and select "Run"
spin -a  63504-12_Lukashin_A_model.pml
ltl pS_NS: [] (! (((((NS@green)) && ((WN@green))) && ((SW@green))) && ((EW@green))))
ltl pS_WN: [] (! ((((((WN@green)) && ((NS@green))) && ((NE@green))) && ((SW@green))) && ((EW@green))))
ltl pS_EW: [] (! (((((EW@green)) && ((NE@green))) && ((WN@green))) && ((NS@green))))
ltl pS_NE: [] (! (((((NE@green)) && ((WN@green))) && ((ES@green))) && ((EW@green))))
ltl pS_ES: [] (! (((((SW@green)) && ((ES@green))) && ((WN@green))) && ((NS@green))))
ltl pS_SW: [] (! (((((SW@green)) && ((ES@green))) && ((WN@green))) && ((NS@green))))
ltl pL_NS: [] ((! (((gen_t@NSTrue)) && ((NS@red)))) || (<> ((NS@green))))
ltl pF_NS: (! ([] (<> (! (((((WN@green)) && ((gen_t@WNTrue))) || (((EW@green)) && ((gen_t@EWTrue)))) || (((SW@green)) && ((gen_t@SWTrue)))))))) || ([] ((! (((gen_t@NSTrue)) && ((NS@red)))) || (<> ((NS@green)))))
  the model contains 8 never claims: pF_NS, pL_NS, pS_SW, pS_ES, pS_NE, pS_EW, pS_WN, pS_NS
  only one claim is used in a verification run
  choose which one with ./pan -a -N name (defaults to -N pS_NS)
gcc -DMEMLIM=5500 -O2 -DXUSAFE -w -o pan pan.c
./pan -m60000000  -a -f -N pF_NS
Pid: 3774
pan: error: too many processes -- current max is 6 procs (-DNFAIR=2)
	recompile with -DNFAIR=3

pan: elapsed time 1.72e+07 seconds
To replay the error-trail, goto Simulate/Replay and select "Run"
spin -a  63504-12_Lukashin_A_model.pml
ltl pS_NS: [] (! (((((NS@green)) && ((WN@green))) && ((SW@green))) && ((EW@green))))
ltl pS_WN: [] (! ((((((WN@green)) && ((NS@green))) && ((NE@green))) && ((SW@green))) && ((EW@green))))
ltl pS_EW: [] (! (((((EW@green)) && ((NE@green))) && ((WN@green))) && ((NS@green))))
ltl pS_NE: [] (! (((((NE@green)) && ((WN@green))) && ((ES@green))) && ((EW@green))))
ltl pS_ES: [] (! (((((SW@green)) && ((ES@green))) && ((WN@green))) && ((NS@green))))
ltl pS_SW: [] (! (((((SW@green)) && ((ES@green))) && ((WN@green))) && ((NS@green))))
ltl pL_NS: [] ((! (((gen_t@NSTrue)) && ((NS@red)))) || (<> ((NS@green))))
ltl pF_NS: (! ([] (<> (! (((((WN@green)) && ((gen_t@WNTrue))) || (((EW@green)) && ((gen_t@EWTrue)))) || (((SW@green)) && ((gen_t@SWTrue)))))))) || ([] ((! (((gen_t@NSTrue)) && ((NS@red)))) || (<> ((NS@green)))))
  the model contains 8 never claims: pF_NS, pL_NS, pS_SW, pS_ES, pS_NE, pS_EW, pS_WN, pS_NS
  only one claim is used in a verification run
  choose which one with ./pan -a -N name (defaults to -N pS_NS)
gcc -DMEMLIM=5500 -O2 -DNFAIR=3 -DXUSAFE -w -o pan pan.c
./pan -m60000000  -a -f -N pF_NS
Pid: 3796
Depth=  361082 States=    1e+06 Transitions=  3.6e+06 Memory=  3374.631	t=     1.87 R=   5e+05
Depth=  361082 States=    2e+06 Transitions= 8.53e+06 Memory=  3383.029	t=     4.17 R=   5e+05
Depth=  361082 States=    3e+06 Transitions= 1.36e+07 Memory=  3387.815	t=     6.58 R=   5e+05
Depth=  361082 States=    4e+06 Transitions= 1.91e+07 Memory=  3394.846	t=     9.19 R=   4e+05
Depth=  361082 States=    5e+06 Transitions=  2.4e+07 Memory=  3401.584	t=     11.4 R=   4e+05
Depth=  361098 States=    6e+06 Transitions= 2.88e+07 Memory=  3408.127	t=     13.7 R=   4e+05
Depth=  361098 States=    7e+06 Transitions= 3.37e+07 Memory=  3414.475	t=       16 R=   4e+05
Depth=  361098 States=    8e+06 Transitions= 3.89e+07 Memory=  3422.092	t=     18.4 R=   4e+05
Depth=  361098 States=    9e+06 Transitions= 4.47e+07 Memory=  3434.006	t=       21 R=   4e+05
Depth=  361098 States=    1e+07 Transitions= 5.03e+07 Memory=  3443.772	t=     23.6 R=   4e+05
Depth=  361098 States=  1.1e+07 Transitions= 5.57e+07 Memory=  3448.654	t=     26.1 R=   4e+05
Depth=  361098 States=  1.2e+07 Transitions= 6.13e+07 Memory=  3453.733	t=     28.7 R=   4e+05
Depth=  361100 States=  1.3e+07 Transitions= 6.66e+07 Memory=  3458.420	t=     31.1 R=   4e+05
Depth=  361100 States=  1.4e+07 Transitions= 7.23e+07 Memory=  3463.205	t=     33.7 R=   4e+05
Depth=  361100 States=  1.5e+07 Transitions= 7.78e+07 Memory=  3467.502	t=     36.2 R=   4e+05
Depth=  361100 States=  1.6e+07 Transitions= 8.35e+07 Memory=  3475.412	t=     38.8 R=   4e+05
Depth=  361100 States=  1.7e+07 Transitions= 8.98e+07 Memory=  3485.178	t=     41.6 R=   4e+05
Depth=  361100 States=  1.8e+07 Transitions= 9.58e+07 Memory=  3491.526	t=     44.3 R=   4e+05
Depth=  361100 States=  1.9e+07 Transitions= 1.02e+08 Memory=  3499.631	t=     47.1 R=   4e+05
Depth=  361100 States=    2e+07 Transitions= 1.09e+08 Memory=  3504.221	t=     50.1 R=   4e+05
Depth=  361100 States=  2.1e+07 Transitions= 1.14e+08 Memory=  3509.494	t=     52.5 R=   4e+05
Depth=  361100 States=  2.2e+07 Transitions= 1.19e+08 Memory=  3518.479	t=     54.9 R=   4e+05
Depth=  361100 States=  2.3e+07 Transitions= 1.24e+08 Memory=  3522.385	t=     57.4 R=   4e+05
Depth=  361100 States=  2.4e+07 Transitions=  1.3e+08 Memory=  3526.096	t=     59.9 R=   4e+05
Depth=  361100 States=  2.5e+07 Transitions= 1.36e+08 Memory=  3532.541	t=     62.7 R=   4e+05
Depth=  361100 States=  2.6e+07 Transitions= 1.41e+08 Memory=  3539.279	t=       65 R=   4e+05
Depth=  361100 States=  2.7e+07 Transitions= 1.47e+08 Memory=  3548.557	t=     67.5 R=   4e+05
Depth=  361100 States=  2.8e+07 Transitions= 1.52e+08 Memory=  3555.393	t=       70 R=   4e+05
Depth=  361100 States=  2.9e+07 Transitions= 1.58e+08 Memory=  3559.787	t=     72.7 R=   4e+05
Depth=  361100 States=    3e+07 Transitions= 1.64e+08 Memory=  3566.135	t=     75.2 R=   4e+05
Depth=  361100 States=  3.1e+07 Transitions=  1.7e+08 Memory=  3576.291	t=       78 R=   4e+05
Depth=  361100 States=  3.2e+07 Transitions= 1.76e+08 Memory=  3582.346	t=     80.9 R=   4e+05
Depth=  361100 States=  3.3e+07 Transitions= 1.82e+08 Memory=  3586.838	t=       84 R=   4e+05
Depth=  361100 States=  3.4e+07 Transitions= 1.88e+08 Memory=  3591.233	t=     86.5 R=   4e+05
pan: resizing hashtable to -w26..  done
Depth=  361100 States=  3.5e+07 Transitions= 1.93e+08 Memory=  4103.233	t=     90.8 R=   4e+05
Depth=  361100 States=  3.6e+07 Transitions= 1.98e+08 Memory=  4103.233	t=     93.3 R=   4e+05
Depth=  361100 States=  3.7e+07 Transitions= 2.03e+08 Memory=  4107.920	t=     95.7 R=   4e+05
Depth=  361100 States=  3.8e+07 Transitions= 2.08e+08 Memory=  4114.268	t=     98.1 R=   4e+05
Depth=  361100 States=  3.9e+07 Transitions= 2.14e+08 Memory=  4120.518	t=      101 R=   4e+05
Depth=  361100 States=    4e+07 Transitions= 2.19e+08 Memory=  4129.600	t=      103 R=   4e+05
Depth=  361100 States=  4.1e+07 Transitions= 2.25e+08 Memory=  4140.928	t=      106 R=   4e+05
Depth=  361100 States=  4.2e+07 Transitions= 2.31e+08 Memory=  4152.940	t=      109 R=   4e+05
Depth=  361100 States=  4.3e+07 Transitions= 2.37e+08 Memory=  4162.998	t=      111 R=   4e+05
Depth=  361100 States=  4.4e+07 Transitions= 2.43e+08 Memory=  4167.588	t=      114 R=   4e+05
Depth=  361100 States=  4.5e+07 Transitions= 2.49e+08 Memory=  4172.471	t=      117 R=   4e+05
Depth=  361100 States=  4.6e+07 Transitions= 2.55e+08 Memory=  4177.451	t=      119 R=   4e+05
Depth=  361100 States=  4.7e+07 Transitions= 2.61e+08 Memory=  4182.627	t=      122 R=   4e+05
Depth=  361100 States=  4.8e+07 Transitions= 2.66e+08 Memory=  4187.022	t=      125 R=   4e+05
Depth=  361100 States=  4.9e+07 Transitions= 2.72e+08 Memory=  4191.807	t=      127 R=   4e+05
Depth=  361100 States=    5e+07 Transitions= 2.78e+08 Memory=  4196.104	t=      130 R=   4e+05
Depth=  361100 States=  5.1e+07 Transitions= 2.84e+08 Memory=  4200.401	t=      132 R=   4e+05
Depth=  361100 States=  5.2e+07 Transitions= 2.89e+08 Memory=  4205.283	t=      135 R=   4e+05
Depth=  361100 States=  5.3e+07 Transitions= 2.95e+08 Memory=  4215.928	t=      138 R=   4e+05
Depth=  361100 States=  5.4e+07 Transitions= 3.01e+08 Memory=  4223.252	t=      141 R=   4e+05
Depth=  361100 States=  5.5e+07 Transitions= 3.08e+08 Memory=  4231.651	t=      143 R=   4e+05
Depth=  361100 States=  5.6e+07 Transitions= 3.14e+08 Memory=  4236.924	t=      146 R=   4e+05
Depth=  361100 States=  5.7e+07 Transitions=  3.2e+08 Memory=  4241.807	t=      149 R=   4e+05
Depth=  361100 States=  5.8e+07 Transitions= 3.25e+08 Memory=  4247.373	t=      151 R=   4e+05


