verification result:
spin -a  var1.pml
ltl p0_1: [] (! (((((NS_L==Green)) && ((WN_L==Green))) && ((SW_L==Green))) && ((EW_L==Green))))
ltl p0_2: [] (! ((((((WN_L==Green)) && ((NS_L==Green))) && ((NE_L==Green))) && ((SW_L==Green))) && ((EW_L==Green))))
ltl p0_3: [] (! (((((EW_L==Green)) && ((NE_L==Green))) && ((WN_L==Green))) && ((NS_L==Green))))
ltl p0_4: [] (! (((((NE_L==Green)) && ((WN_L==Green))) && ((ES_L==Green))) && ((EW_L==Green))))
ltl p0_5: [] (! (((((SW_L==Green)) && ((ES_L==Green))) && ((WN_L==Green))) && ((NS_L==Green))))
ltl p0_6: [] (! ((((ES_L==Green)) && ((SW_L==Green))) && ((NE_L==Green))))
ltl p1_1: [] ((! ((NS_S) && ((NS_L==Red)))) || (<> ((NS_L==Green))))
ltl p1_2: [] ((! ((WN_S) && ((WN_L==Red)))) || (<> ((WN_L==Green))))
ltl p1_3: [] ((! ((NE_S) && ((NE_L==Red)))) || (<> ((NE_L==Green))))
ltl p1_4: [] ((! ((EW_S) && ((EW_L==Red)))) || (<> ((EW_L==Green))))
ltl p1_5: [] ((! ((ES_S) && ((ES_L==Red)))) || (<> ((ES_L==Green))))
ltl p1_6: [] ((! ((SW_S) && ((SW_L==Red)))) || (<> ((SW_L==Green))))
ltl p2_1: [] (! (((NS_L==Green)) && (NS_S)))
ltl p2_2: [] (! (((WN_L==Green)) && (WN_S)))
ltl p2_3: [] (! (((NE_L==Green)) && (NE_S)))
ltl p2_4: [] (! (((EW_L==Green)) && (EW_S)))
ltl p2_5: [] (! (((ES_L==Green)) && (ES_S)))
ltl p2_6: [] (! (((SW_L==Green)) && (SW_S)))
  the model contains 18 never claims: p2_6, p2_5, p2_4, p2_3, p2_2, p2_1, p1_6, p1_5, p1_4, p1_3, p1_2, p1_1, p0_6, p0_5, p0_4, p0_3, p0_2, p0_1
  only one claim is used in a verification run
  choose which one with ./pan -a -N name (defaults to -N p0_1)
gcc -DMEMLIM=1024 -O2 -DXUSAFE -DNOCLAIM -w -o pan pan.c
./pan -m10000  -a
Pid: 2421
Depth=    1799 States=    1e+06 Transitions= 3.89e+06 Memory=   189.765	t=     1.34 R=   7e+05
Depth=    1799 States=    2e+06 Transitions= 7.62e+06 Memory=   250.800	t=     2.66 R=   8e+05

(Spin Version 6.2.5 -- 3 May 2013)
	+ Partial Order Reduction

Full statespace search for:
	never claim         	- (not selected)
	assertion violations	+
	acceptance   cycles 	+ (fairness disabled)
	invalid end states	+

State-vector 124 byte, depth reached 1799, errors: 0
  2997002 states, stored
  8548319 states, matched
 11545321 transitions (= stored+matched)
        0 atomic steps
hash conflicts:    370858 (resolved)

Stats on memory usage (in Megabytes):
  434.441	equivalent memory usage for states (stored*(State-vector + overhead))
  183.161	actual memory usage for states (compression: 42.16%)
         	state-vector as stored = 36 byte + 28 byte overhead
  128.000	memory used for hash table (-w24)
    0.534	memory used for DFS stack (-m10000)
  311.640	total actual memory usage


unreached in init
	(0 of 7 states)
unreached in proctype gen_t
	var1.pml:127, state 52, "-end-"
	(1 of 52 states)
unreached in proctype NS
	var1.pml:148, state 20, "-end-"
	(1 of 20 states)
unreached in proctype WN
	var1.pml:169, state 22, "-end-"
	(1 of 22 states)
unreached in proctype NE
	var1.pml:190, state 20, "-end-"
	(1 of 20 states)
unreached in proctype EW
	var1.pml:211, state 20, "-end-"
	(1 of 20 states)
unreached in proctype ES
	var1.pml:232, state 20, "-end-"
	(1 of 20 states)
unreached in proctype SW
	var1.pml:253, state 20, "-end-"
	(1 of 20 states)
unreached in claim p0_1
	_spin_nvr.tmp:3, state 6, "(!(!(((((NS_L==Green)&&(WN_L==Green))&&(SW_L==Green))&&(EW_L==Green)))))"
	_spin_nvr.tmp:3, state 6, "(1)"
	_spin_nvr.tmp:8, state 10, "-end-"
	(2 of 10 states)
unreached in claim p0_2
	_spin_nvr.tmp:12, state 6, "(!(!((((((WN_L==Green)&&(NS_L==Green))&&(NE_L==Green))&&(SW_L==Green))&&(EW_L==Green)))))"
	_spin_nvr.tmp:12, state 6, "(1)"
	_spin_nvr.tmp:17, state 10, "-end-"
	(2 of 10 states)
unreached in claim p0_3
	_spin_nvr.tmp:21, state 6, "(!(!(((((EW_L==Green)&&(NE_L==Green))&&(WN_L==Green))&&(NS_L==Green)))))"
	_spin_nvr.tmp:21, state 6, "(1)"
	_spin_nvr.tmp:26, state 10, "-end-"
	(2 of 10 states)
unreached in claim p0_4
	_spin_nvr.tmp:30, state 6, "(!(!(((((NE_L==Green)&&(WN_L==Green))&&(ES_L==Green))&&(EW_L==Green)))))"
	_spin_nvr.tmp:30, state 6, "(1)"
	_spin_nvr.tmp:35, state 10, "-end-"
	(2 of 10 states)
unreached in claim p0_5
	_spin_nvr.tmp:39, state 6, "(!(!(((((SW_L==Green)&&(ES_L==Green))&&(WN_L==Green))&&(NS_L==Green)))))"
	_spin_nvr.tmp:39, state 6, "(1)"
	_spin_nvr.tmp:44, state 10, "-end-"
	(2 of 10 states)
unreached in claim p0_6
	_spin_nvr.tmp:48, state 6, "(!(!((((ES_L==Green)&&(SW_L==Green))&&(NE_L==Green)))))"
	_spin_nvr.tmp:48, state 6, "(1)"
	_spin_nvr.tmp:53, state 10, "-end-"
	(2 of 10 states)
unreached in claim p1_1
	_spin_nvr.tmp:57, state 5, "((!(!((NS_S&&(NS_L==Red))))&&!((NS_L==Green))))"
	_spin_nvr.tmp:57, state 5, "(1)"
	_spin_nvr.tmp:62, state 10, "(!((NS_L==Green)))"
	_spin_nvr.tmp:64, state 13, "-end-"
	(3 of 13 states)
unreached in claim p1_2
	_spin_nvr.tmp:68, state 5, "((!(!((WN_S&&(WN_L==Red))))&&!((WN_L==Green))))"
	_spin_nvr.tmp:68, state 5, "(1)"
	_spin_nvr.tmp:73, state 10, "(!((WN_L==Green)))"
	_spin_nvr.tmp:75, state 13, "-end-"
	(3 of 13 states)
unreached in claim p1_3
	_spin_nvr.tmp:79, state 5, "((!(!((NE_S&&(NE_L==Red))))&&!((NE_L==Green))))"
	_spin_nvr.tmp:79, state 5, "(1)"
	_spin_nvr.tmp:84, state 10, "(!((NE_L==Green)))"
	_spin_nvr.tmp:86, state 13, "-end-"
	(3 of 13 states)
unreached in claim p1_4
	_spin_nvr.tmp:90, state 5, "((!(!((EW_S&&(EW_L==Red))))&&!((EW_L==Green))))"
	_spin_nvr.tmp:90, state 5, "(1)"
	_spin_nvr.tmp:95, state 10, "(!((EW_L==Green)))"
	_spin_nvr.tmp:97, state 13, "-end-"
	(3 of 13 states)
unreached in claim p1_5
	_spin_nvr.tmp:101, state 5, "((!(!((ES_S&&(ES_L==Red))))&&!((ES_L==Green))))"
	_spin_nvr.tmp:101, state 5, "(1)"
	_spin_nvr.tmp:106, state 10, "(!((ES_L==Green)))"
	_spin_nvr.tmp:108, state 13, "-end-"
	(3 of 13 states)
unreached in claim p1_6
	_spin_nvr.tmp:112, state 5, "((!(!((SW_S&&(SW_L==Red))))&&!((SW_L==Green))))"
	_spin_nvr.tmp:112, state 5, "(1)"
	_spin_nvr.tmp:117, state 10, "(!((SW_L==Green)))"
	_spin_nvr.tmp:119, state 13, "-end-"
	(3 of 13 states)
unreached in claim p2_1
	_spin_nvr.tmp:123, state 6, "(!(!(((NS_L==Green)&&NS_S))))"
	_spin_nvr.tmp:123, state 6, "(1)"
	_spin_nvr.tmp:128, state 10, "-end-"
	(2 of 10 states)
unreached in claim p2_2
	_spin_nvr.tmp:132, state 6, "(!(!(((WN_L==Green)&&WN_S))))"
	_spin_nvr.tmp:132, state 6, "(1)"
	_spin_nvr.tmp:137, state 10, "-end-"
	(2 of 10 states)
unreached in claim p2_3
	_spin_nvr.tmp:141, state 6, "(!(!(((NE_L==Green)&&NE_S))))"
	_spin_nvr.tmp:141, state 6, "(1)"
	_spin_nvr.tmp:146, state 10, "-end-"
	(2 of 10 states)
unreached in claim p2_4
	_spin_nvr.tmp:150, state 6, "(!(!(((EW_L==Green)&&EW_S))))"
	_spin_nvr.tmp:150, state 6, "(1)"
	_spin_nvr.tmp:155, state 10, "-end-"
	(2 of 10 states)
unreached in claim p2_5
	_spin_nvr.tmp:159, state 6, "(!(!(((ES_L==Green)&&ES_S))))"
	_spin_nvr.tmp:159, state 6, "(1)"
	_spin_nvr.tmp:164, state 10, "-end-"
	(2 of 10 states)
unreached in claim p2_6
	_spin_nvr.tmp:168, state 6, "(!(!(((SW_L==Green)&&SW_S))))"
	_spin_nvr.tmp:168, state 6, "(1)"
	_spin_nvr.tmp:173, state 10, "-end-"
	(2 of 10 states)

pan: elapsed time 4.03 seconds
No errors found -- did you verify all claims?
spin -a  var1.pml
ltl p0_1: [] (! (((((NS_L==Green)) && ((WN_L==Green))) && ((SW_L==Green))) && ((EW_L==Green))))
ltl p0_2: [] (! ((((((WN_L==Green)) && ((NS_L==Green))) && ((NE_L==Green))) && ((SW_L==Green))) && ((EW_L==Green))))
ltl p0_3: [] (! (((((EW_L==Green)) && ((NE_L==Green))) && ((WN_L==Green))) && ((NS_L==Green))))
ltl p0_4: [] (! (((((NE_L==Green)) && ((WN_L==Green))) && ((ES_L==Green))) && ((EW_L==Green))))
ltl p0_5: [] (! (((((SW_L==Green)) && ((ES_L==Green))) && ((WN_L==Green))) && ((NS_L==Green))))
ltl p0_6: [] (! ((((ES_L==Green)) && ((SW_L==Green))) && ((NE_L==Green))))
ltl p1_1: [] ((! ((NS_S) && ((NS_L==Red)))) || (<> ((NS_L==Green))))
ltl p1_2: [] ((! ((WN_S) && ((WN_L==Red)))) || (<> ((WN_L==Green))))
ltl p1_3: [] ((! ((NE_S) && ((NE_L==Red)))) || (<> ((NE_L==Green))))
ltl p1_4: [] ((! ((EW_S) && ((EW_L==Red)))) || (<> ((EW_L==Green))))
ltl p1_5: [] ((! ((ES_S) && ((ES_L==Red)))) || (<> ((ES_L==Green))))
ltl p1_6: [] ((! ((SW_S) && ((SW_L==Red)))) || (<> ((SW_L==Green))))
ltl p2_1: [] (! (((NS_L==Green)) && (NS_S)))
ltl p2_2: [] (! (((WN_L==Green)) && (WN_S)))
ltl p2_3: [] (! (((NE_L==Green)) && (NE_S)))
ltl p2_4: [] (! (((EW_L==Green)) && (EW_S)))
ltl p2_5: [] (! (((ES_L==Green)) && (ES_S)))
ltl p2_6: [] (! (((SW_L==Green)) && (SW_S)))
  the model contains 18 never claims: p2_6, p2_5, p2_4, p2_3, p2_2, p2_1, p1_6, p1_5, p1_4, p1_3, p1_2, p1_1, p0_6, p0_5, p0_4, p0_3, p0_2, p0_1
  only one claim is used in a verification run
  choose which one with ./pan -a -N name (defaults to -N p0_1)
gcc -DMEMLIM=1024 -O2 -DXUSAFE -DNOCLAIM -w -o pan pan.c
./pan -m10000  -a
Pid: 2452
Depth=    1799 States=    1e+06 Transitions= 3.89e+06 Memory=   189.765	t=     1.36 R=   7e+05
Depth=    1799 States=    2e+06 Transitions= 7.62e+06 Memory=   250.800	t=     2.67 R=   7e+05

(Spin Version 6.2.5 -- 3 May 2013)
	+ Partial Order Reduction

Full statespace search for:
	never claim         	- (not selected)
	assertion violations	+
	acceptance   cycles 	+ (fairness disabled)
	invalid end states	+

State-vector 124 byte, depth reached 1799, errors: 0
  2997002 states, stored
  8548319 states, matched
 11545321 transitions (= stored+matched)
        0 atomic steps
hash conflicts:    370858 (resolved)

Stats on memory usage (in Megabytes):
  434.441	equivalent memory usage for states (stored*(State-vector + overhead))
  183.161	actual memory usage for states (compression: 42.16%)
         	state-vector as stored = 36 byte + 28 byte overhead
  128.000	memory used for hash table (-w24)
    0.534	memory used for DFS stack (-m10000)
  311.640	total actual memory usage


unreached in init
	(0 of 7 states)
unreached in proctype gen_t
	var1.pml:127, state 52, "-end-"
	(1 of 52 states)
unreached in proctype NS
	var1.pml:148, state 20, "-end-"
	(1 of 20 states)
unreached in proctype WN
	var1.pml:169, state 22, "-end-"
	(1 of 22 states)
unreached in proctype NE
	var1.pml:190, state 20, "-end-"
	(1 of 20 states)
unreached in proctype EW
	var1.pml:211, state 20, "-end-"
	(1 of 20 states)
unreached in proctype ES
	var1.pml:232, state 20, "-end-"
	(1 of 20 states)
unreached in proctype SW
	var1.pml:253, state 20, "-end-"
	(1 of 20 states)
unreached in claim p0_1
	_spin_nvr.tmp:3, state 6, "(!(!(((((NS_L==Green)&&(WN_L==Green))&&(SW_L==Green))&&(EW_L==Green)))))"
	_spin_nvr.tmp:3, state 6, "(1)"
	_spin_nvr.tmp:8, state 10, "-end-"
	(2 of 10 states)
unreached in claim p0_2
	_spin_nvr.tmp:12, state 6, "(!(!((((((WN_L==Green)&&(NS_L==Green))&&(NE_L==Green))&&(SW_L==Green))&&(EW_L==Green)))))"
	_spin_nvr.tmp:12, state 6, "(1)"
	_spin_nvr.tmp:17, state 10, "-end-"
	(2 of 10 states)
unreached in claim p0_3
	_spin_nvr.tmp:21, state 6, "(!(!(((((EW_L==Green)&&(NE_L==Green))&&(WN_L==Green))&&(NS_L==Green)))))"
	_spin_nvr.tmp:21, state 6, "(1)"
	_spin_nvr.tmp:26, state 10, "-end-"
	(2 of 10 states)
unreached in claim p0_4
	_spin_nvr.tmp:30, state 6, "(!(!(((((NE_L==Green)&&(WN_L==Green))&&(ES_L==Green))&&(EW_L==Green)))))"
	_spin_nvr.tmp:30, state 6, "(1)"
	_spin_nvr.tmp:35, state 10, "-end-"
	(2 of 10 states)
unreached in claim p0_5
	_spin_nvr.tmp:39, state 6, "(!(!(((((SW_L==Green)&&(ES_L==Green))&&(WN_L==Green))&&(NS_L==Green)))))"
	_spin_nvr.tmp:39, state 6, "(1)"
	_spin_nvr.tmp:44, state 10, "-end-"
	(2 of 10 states)
unreached in claim p0_6
	_spin_nvr.tmp:48, state 6, "(!(!((((ES_L==Green)&&(SW_L==Green))&&(NE_L==Green)))))"
	_spin_nvr.tmp:48, state 6, "(1)"
	_spin_nvr.tmp:53, state 10, "-end-"
	(2 of 10 states)
unreached in claim p1_1
	_spin_nvr.tmp:57, state 5, "((!(!((NS_S&&(NS_L==Red))))&&!((NS_L==Green))))"
	_spin_nvr.tmp:57, state 5, "(1)"
	_spin_nvr.tmp:62, state 10, "(!((NS_L==Green)))"
	_spin_nvr.tmp:64, state 13, "-end-"
	(3 of 13 states)
unreached in claim p1_2
	_spin_nvr.tmp:68, state 5, "((!(!((WN_S&&(WN_L==Red))))&&!((WN_L==Green))))"
	_spin_nvr.tmp:68, state 5, "(1)"
	_spin_nvr.tmp:73, state 10, "(!((WN_L==Green)))"
	_spin_nvr.tmp:75, state 13, "-end-"
	(3 of 13 states)
unreached in claim p1_3
	_spin_nvr.tmp:79, state 5, "((!(!((NE_S&&(NE_L==Red))))&&!((NE_L==Green))))"
	_spin_nvr.tmp:79, state 5, "(1)"
	_spin_nvr.tmp:84, state 10, "(!((NE_L==Green)))"
	_spin_nvr.tmp:86, state 13, "-end-"
	(3 of 13 states)
unreached in claim p1_4
	_spin_nvr.tmp:90, state 5, "((!(!((EW_S&&(EW_L==Red))))&&!((EW_L==Green))))"
	_spin_nvr.tmp:90, state 5, "(1)"
	_spin_nvr.tmp:95, state 10, "(!((EW_L==Green)))"
	_spin_nvr.tmp:97, state 13, "-end-"
	(3 of 13 states)
unreached in claim p1_5
	_spin_nvr.tmp:101, state 5, "((!(!((ES_S&&(ES_L==Red))))&&!((ES_L==Green))))"
	_spin_nvr.tmp:101, state 5, "(1)"
	_spin_nvr.tmp:106, state 10, "(!((ES_L==Green)))"
	_spin_nvr.tmp:108, state 13, "-end-"
	(3 of 13 states)
unreached in claim p1_6
	_spin_nvr.tmp:112, state 5, "((!(!((SW_S&&(SW_L==Red))))&&!((SW_L==Green))))"
	_spin_nvr.tmp:112, state 5, "(1)"
	_spin_nvr.tmp:117, state 10, "(!((SW_L==Green)))"
	_spin_nvr.tmp:119, state 13, "-end-"
	(3 of 13 states)
unreached in claim p2_1
	_spin_nvr.tmp:123, state 6, "(!(!(((NS_L==Green)&&NS_S))))"
	_spin_nvr.tmp:123, state 6, "(1)"
	_spin_nvr.tmp:128, state 10, "-end-"
	(2 of 10 states)
unreached in claim p2_2
	_spin_nvr.tmp:132, state 6, "(!(!(((WN_L==Green)&&WN_S))))"
	_spin_nvr.tmp:132, state 6, "(1)"
	_spin_nvr.tmp:137, state 10, "-end-"
	(2 of 10 states)
unreached in claim p2_3
	_spin_nvr.tmp:141, state 6, "(!(!(((NE_L==Green)&&NE_S))))"
	_spin_nvr.tmp:141, state 6, "(1)"
	_spin_nvr.tmp:146, state 10, "-end-"
	(2 of 10 states)
unreached in claim p2_4
	_spin_nvr.tmp:150, state 6, "(!(!(((EW_L==Green)&&EW_S))))"
	_spin_nvr.tmp:150, state 6, "(1)"
	_spin_nvr.tmp:155, state 10, "-end-"
	(2 of 10 states)
unreached in claim p2_5
	_spin_nvr.tmp:159, state 6, "(!(!(((ES_L==Green)&&ES_S))))"
	_spin_nvr.tmp:159, state 6, "(1)"
	_spin_nvr.tmp:164, state 10, "-end-"
	(2 of 10 states)
unreached in claim p2_6
	_spin_nvr.tmp:168, state 6, "(!(!(((SW_L==Green)&&SW_S))))"
	_spin_nvr.tmp:168, state 6, "(1)"
	_spin_nvr.tmp:173, state 10, "-end-"
	(2 of 10 states)

pan: elapsed time 4.04 seconds
No errors found -- did you verify all claims?
spin -a  var1.pml
ltl p0_1: [] (! (((((NS_L==Green)) && ((WN_L==Green))) && ((SW_L==Green))) && ((EW_L==Green))))
ltl p0_2: [] (! ((((((WN_L==Green)) && ((NS_L==Green))) && ((NE_L==Green))) && ((SW_L==Green))) && ((EW_L==Green))))
ltl p0_3: [] (! (((((EW_L==Green)) && ((NE_L==Green))) && ((WN_L==Green))) && ((NS_L==Green))))
ltl p0_4: [] (! (((((NE_L==Green)) && ((WN_L==Green))) && ((ES_L==Green))) && ((EW_L==Green))))
ltl p0_5: [] (! (((((SW_L==Green)) && ((ES_L==Green))) && ((WN_L==Green))) && ((NS_L==Green))))
ltl p0_6: [] (! ((((ES_L==Green)) && ((SW_L==Green))) && ((NE_L==Green))))
ltl p1_1: [] ((! ((NS_S) && ((NS_L==Red)))) || (<> ((NS_L==Green))))
ltl p1_2: [] ((! ((WN_S) && ((WN_L==Red)))) || (<> ((WN_L==Green))))
ltl p1_3: [] ((! ((NE_S) && ((NE_L==Red)))) || (<> ((NE_L==Green))))
ltl p1_4: [] ((! ((EW_S) && ((EW_L==Red)))) || (<> ((EW_L==Green))))
ltl p1_5: [] ((! ((ES_S) && ((ES_L==Red)))) || (<> ((ES_L==Green))))
ltl p1_6: [] ((! ((SW_S) && ((SW_L==Red)))) || (<> ((SW_L==Green))))
ltl p2_1: [] (! (((NS_L==Green)) && (NS_S)))
ltl p2_2: [] (! (((WN_L==Green)) && (WN_S)))
ltl p2_3: [] (! (((NE_L==Green)) && (NE_S)))
ltl p2_4: [] (! (((EW_L==Green)) && (EW_S)))
ltl p2_5: [] (! (((ES_L==Green)) && (ES_S)))
ltl p2_6: [] (! (((SW_L==Green)) && (SW_S)))
  the model contains 18 never claims: p2_6, p2_5, p2_4, p2_3, p2_2, p2_1, p1_6, p1_5, p1_4, p1_3, p1_2, p1_1, p0_6, p0_5, p0_4, p0_3, p0_2, p0_1
  only one claim is used in a verification run
  choose which one with ./pan -a -N name (defaults to -N p0_1)
gcc -DMEMLIM=1024 -O2 -DXUSAFE -w -o pan pan.c
./pan -m10000  -a -N p2_1
Pid: 2477
pan:1: assertion violated  !( !( !(((NS_L==1)&&NS_S)))) (at depth 904)
pan: wrote var1.pml.trail

(Spin Version 6.2.5 -- 3 May 2013)
Warning: Search not completed
	+ Partial Order Reduction

Full statespace search for:
	never claim         	+ (p2_1)
	assertion violations	+ (if within scope of claim)
	acceptance   cycles 	+ (fairness disabled)
	invalid end states	- (disabled by never claim)

State-vector 148 byte, depth reached 904, errors: 1
      452 states, stored
      603 states, matched
     1055 transitions (= stored+matched)
        0 atomic steps
hash conflicts:         0 (resolved)

Stats on memory usage (in Megabytes):
    0.076	equivalent memory usage for states (stored*(State-vector + overhead))
    0.251	actual memory usage for states
  128.000	memory used for hash table (-w24)
    0.534	memory used for DFS stack (-m10000)
  128.730	total actual memory usage



pan: elapsed time 0 seconds
To replay the error-trail, goto Simulate/Replay and select "Run"
spin -a  var1.pml
ltl p0_1: [] (! (((((NS_L==Green)) && ((WN_L==Green))) && ((SW_L==Green))) && ((EW_L==Green))))
ltl p0_2: [] (! ((((((WN_L==Green)) && ((NS_L==Green))) && ((NE_L==Green))) && ((SW_L==Green))) && ((EW_L==Green))))
ltl p0_3: [] (! (((((EW_L==Green)) && ((NE_L==Green))) && ((WN_L==Green))) && ((NS_L==Green))))
ltl p0_4: [] (! (((((NE_L==Green)) && ((WN_L==Green))) && ((ES_L==Green))) && ((EW_L==Green))))
ltl p0_5: [] (! (((((SW_L==Green)) && ((ES_L==Green))) && ((WN_L==Green))) && ((NS_L==Green))))
ltl p0_6: [] (! ((((ES_L==Green)) && ((SW_L==Green))) && ((NE_L==Green))))
ltl p1_1: [] ((! ((NS_S) && ((NS_L==Red)))) || (<> ((NS_L==Green))))
ltl p1_2: [] ((! ((WN_S) && ((WN_L==Red)))) || (<> ((WN_L==Green))))
ltl p1_3: [] ((! ((NE_S) && ((NE_L==Red)))) || (<> ((NE_L==Green))))
ltl p1_4: [] ((! ((EW_S) && ((EW_L==Red)))) || (<> ((EW_L==Green))))
ltl p1_5: [] ((! ((ES_S) && ((ES_L==Red)))) || (<> ((ES_L==Green))))
ltl p1_6: [] ((! ((SW_S) && ((SW_L==Red)))) || (<> ((SW_L==Green))))
ltl p2_1: [] (((NS_L==Green)) && (NS_S))
ltl p2_2: [] (((WN_L==Green)) && (WN_S))
ltl p2_3: [] (((NE_L==Green)) && (NE_S))
ltl p2_4: [] (((EW_L==Green)) && (EW_S))
ltl p2_5: [] (((ES_L==Green)) && (ES_S))
ltl p2_6: [] (((SW_L==Green)) && (SW_S))
  the model contains 18 never claims: p2_6, p2_5, p2_4, p2_3, p2_2, p2_1, p1_6, p1_5, p1_4, p1_3, p1_2, p1_1, p0_6, p0_5, p0_4, p0_3, p0_2, p0_1
  only one claim is used in a verification run
  choose which one with ./pan -a -N name (defaults to -N p0_1)
gcc -DMEMLIM=1024 -O2 -DXUSAFE -w -o pan pan.c
./pan -m10000  -a -N p2_1
Pid: 2514
pan:1: assertion violated  !( !(((NS_L==1)&&NS_S))) (at depth 0)
pan: wrote var1.pml.trail

(Spin Version 6.2.5 -- 3 May 2013)
Warning: Search not completed
	+ Partial Order Reduction

Full statespace search for:
	never claim         	+ (p2_1)
	assertion violations	+ (if within scope of claim)
	acceptance   cycles 	+ (fairness disabled)
	invalid end states	- (disabled by never claim)

State-vector 148 byte, depth reached 0, errors: 1
        1 states, stored
        0 states, matched
        1 transitions (= stored+matched)
        0 atomic steps
hash conflicts:         0 (resolved)

Stats on memory usage (in Megabytes):
    0.000	equivalent memory usage for states (stored*(State-vector + overhead))
    0.251	actual memory usage for states
  128.000	memory used for hash table (-w24)
    0.534	memory used for DFS stack (-m10000)
  128.730	total actual memory usage



pan: elapsed time 0 seconds
To replay the error-trail, goto Simulate/Replay and select "Run"
spin -a  var1.pml
ltl p0_1: [] (! (((((NS_L==Green)) && ((WN_L==Green))) && ((SW_L==Green))) && ((EW_L==Green))))
ltl p0_2: [] (! ((((((WN_L==Green)) && ((NS_L==Green))) && ((NE_L==Green))) && ((SW_L==Green))) && ((EW_L==Green))))
ltl p0_3: [] (! (((((EW_L==Green)) && ((NE_L==Green))) && ((WN_L==Green))) && ((NS_L==Green))))
ltl p0_4: [] (! (((((NE_L==Green)) && ((WN_L==Green))) && ((ES_L==Green))) && ((EW_L==Green))))
ltl p0_5: [] (! (((((SW_L==Green)) && ((ES_L==Green))) && ((WN_L==Green))) && ((NS_L==Green))))
ltl p0_6: [] (! ((((ES_L==Green)) && ((SW_L==Green))) && ((NE_L==Green))))
ltl p1_1: [] ((! ((NS_S) && ((NS_L==Red)))) || (<> ((NS_L==Green))))
ltl p1_2: [] ((! ((WN_S) && ((WN_L==Red)))) || (<> ((WN_L==Green))))
ltl p1_3: [] ((! ((NE_S) && ((NE_L==Red)))) || (<> ((NE_L==Green))))
ltl p1_4: [] ((! ((EW_S) && ((EW_L==Red)))) || (<> ((EW_L==Green))))
ltl p1_5: [] ((! ((ES_S) && ((ES_L==Red)))) || (<> ((ES_L==Green))))
ltl p1_6: [] ((! ((SW_S) && ((SW_L==Red)))) || (<> ((SW_L==Green))))
spin: var1.pml:55, Error: syntax error	saw '[]'
ltl p2_2: [] (! (((WN_L==Green)) && (WN_S)))
ltl p2_3: [] (! (((NE_L==Green)) && (NE_S)))
ltl p2_4: [] (! (((EW_L==Green)) && (EW_S)))
ltl p2_5: [] (! (((ES_L==Green)) && (ES_S)))
ltl p2_6: [] (! (((SW_L==Green)) && (SW_S)))
  the model contains 17 never claims: p2_6, p2_5, p2_4, p2_3, p2_2, p1_6, p1_5, p1_4, p1_3, p1_2, p1_1, p0_6, p0_5, p0_4, p0_3, p0_2, p0_1
  only one claim is used in a verification run
  choose which one with ./pan -a -N name (defaults to -N p0_1)
gcc -DMEMLIM=1024 -O2 -DXUSAFE -w -o pan pan.c
./pan -m10000  -a -N p2_1
Pid: 2578
pan: error: cannot find claim 'p2_1'
spin -a  var1.pml
ltl p0_1: [] (! (((((NS_L==Green)) && ((WN_L==Green))) && ((SW_L==Green))) && ((EW_L==Green))))
ltl p0_2: [] (! ((((((WN_L==Green)) && ((NS_L==Green))) && ((NE_L==Green))) && ((SW_L==Green))) && ((EW_L==Green))))
ltl p0_3: [] (! (((((EW_L==Green)) && ((NE_L==Green))) && ((WN_L==Green))) && ((NS_L==Green))))
ltl p0_4: [] (! (((((NE_L==Green)) && ((WN_L==Green))) && ((ES_L==Green))) && ((EW_L==Green))))
ltl p0_5: [] (! (((((SW_L==Green)) && ((ES_L==Green))) && ((WN_L==Green))) && ((NS_L==Green))))
ltl p0_6: [] (! ((((ES_L==Green)) && ((SW_L==Green))) && ((NE_L==Green))))
ltl p1_1: [] ((! ((NS_S) && ((NS_L==Red)))) || (<> ((NS_L==Green))))
ltl p1_2: [] ((! ((WN_S) && ((WN_L==Red)))) || (<> ((WN_L==Green))))
ltl p1_3: [] ((! ((NE_S) && ((NE_L==Red)))) || (<> ((NE_L==Green))))
ltl p1_4: [] ((! ((EW_S) && ((EW_L==Red)))) || (<> ((EW_L==Green))))
ltl p1_5: [] ((! ((ES_S) && ((ES_L==Red)))) || (<> ((ES_L==Green))))
ltl p1_6: [] ((! ((SW_S) && ((SW_L==Red)))) || (<> ((SW_L==Green))))
ltl p2_1: [] (! (((NS_L==Green)) && (NS_S)))
ltl p2_2: [] (! (((WN_L==Green)) && (WN_S)))
ltl p2_3: [] (! (((NE_L==Green)) && (NE_S)))
ltl p2_4: [] (! (((EW_L==Green)) && (EW_S)))
ltl p2_5: [] (! (((ES_L==Green)) && (ES_S)))
ltl p2_6: [] (! (((SW_L==Green)) && (SW_S)))
  the model contains 18 never claims: p2_6, p2_5, p2_4, p2_3, p2_2, p2_1, p1_6, p1_5, p1_4, p1_3, p1_2, p1_1, p0_6, p0_5, p0_4, p0_3, p0_2, p0_1
  only one claim is used in a verification run
  choose which one with ./pan -a -N name (defaults to -N p0_1)
gcc -DMEMLIM=1024 -O2 -DXUSAFE -w -o pan pan.c
./pan -m10000  -a -N p2_1
Pid: 3687
pan:1: assertion violated  !( !( !(((NS_L==1)&&NS_S)))) (at depth 904)
pan: wrote var1.pml.trail

(Spin Version 6.2.5 -- 3 May 2013)
Warning: Search not completed
	+ Partial Order Reduction

Full statespace search for:
	never claim         	+ (p2_1)
	assertion violations	+ (if within scope of claim)
	acceptance   cycles 	+ (fairness disabled)
	invalid end states	- (disabled by never claim)

State-vector 148 byte, depth reached 904, errors: 1
      452 states, stored
      603 states, matched
     1055 transitions (= stored+matched)
        0 atomic steps
hash conflicts:         0 (resolved)

Stats on memory usage (in Megabytes):
    0.076	equivalent memory usage for states (stored*(State-vector + overhead))
    0.251	actual memory usage for states
  128.000	memory used for hash table (-w24)
    0.534	memory used for DFS stack (-m10000)
  128.730	total actual memory usage



pan: elapsed time 0 seconds
To replay the error-trail, goto Simulate/Replay and select "Run"
To replay the error-trail, goto Simulate/Replay and select "Run"
spin -a  var1.pml
ltl p0_1: [] (! (((((NS_L==Green)) && ((WN_L==Green))) && ((SW_L==Green))) && ((EW_L==Green))))
ltl p0_2: [] (! ((((((WN_L==Green)) && ((NS_L==Green))) && ((NE_L==Green))) && ((SW_L==Green))) && ((EW_L==Green))))
ltl p0_3: [] (! (((((EW_L==Green)) && ((NE_L==Green))) && ((WN_L==Green))) && ((NS_L==Green))))
ltl p0_4: [] (! (((((NE_L==Green)) && ((WN_L==Green))) && ((ES_L==Green))) && ((EW_L==Green))))
ltl p0_5: [] (! (((((SW_L==Green)) && ((ES_L==Green))) && ((WN_L==Green))) && ((NS_L==Green))))
ltl p0_6: [] (! ((((ES_L==Green)) && ((SW_L==Green))) && ((NE_L==Green))))
ltl p1_1: [] ((! ((NS_S) && ((NS_L==Red)))) || (<> ((NS_L==Green))))
ltl p1_2: [] ((! ((WN_S) && ((WN_L==Red)))) || (<> ((WN_L==Green))))
ltl p1_3: [] ((! ((NE_S) && ((NE_L==Red)))) || (<> ((NE_L==Green))))
ltl p1_4: [] ((! ((EW_S) && ((EW_L==Red)))) || (<> ((EW_L==Green))))
ltl p1_5: [] ((! ((ES_S) && ((ES_L==Red)))) || (<> ((ES_L==Green))))
ltl p1_6: [] ((! ((SW_S) && ((SW_L==Red)))) || (<> ((SW_L==Green))))
ltl p2_1: [] (! (((NS_L==Green)) && (NS_S)))
ltl p2_2: [] (! (((WN_L==Green)) && (WN_S)))
ltl p2_3: [] (! (((NE_L==Green)) && (NE_S)))
ltl p2_4: [] (! (((EW_L==Green)) && (EW_S)))
ltl p2_5: [] (! (((ES_L==Green)) && (ES_S)))
ltl p2_6: [] (! (((SW_L==Green)) && (SW_S)))
  the model contains 18 never claims: p2_6, p2_5, p2_4, p2_3, p2_2, p2_1, p1_6, p1_5, p1_4, p1_3, p1_2, p1_1, p0_6, p0_5, p0_4, p0_3, p0_2, p0_1
  only one claim is used in a verification run
  choose which one with ./pan -a -N name (defaults to -N p0_1)
gcc -DMEMLIM=1024 -O2 -DXUSAFE -w -o pan pan.c
./pan -m10000  -a -N p0_1
Pid: 3718
Depth=    3586 States=    1e+06 Transitions= 3.89e+06 Memory=   212.616	t=     1.86 R=   5e+05
Depth=    3586 States=    2e+06 Transitions= 7.62e+06 Memory=   296.601	t=     3.63 R=   6e+05

(Spin Version 6.2.5 -- 3 May 2013)
	+ Partial Order Reduction

Full statespace search for:
	never claim         	+ (p0_1)
	assertion violations	+ (if within scope of claim)
	acceptance   cycles 	+ (fairness disabled)
	invalid end states	- (disabled by never claim)

State-vector 148 byte, depth reached 3586, errors: 0
  2997002 states, stored
  8548319 states, matched
 11545321 transitions (= stored+matched)
        0 atomic steps
hash conflicts:    328269 (resolved)

Stats on memory usage (in Megabytes):
  503.037	equivalent memory usage for states (stored*(State-vector + overhead))
  251.951	actual memory usage for states (compression: 50.09%)
         	state-vector as stored = 60 byte + 28 byte overhead
  128.000	memory used for hash table (-w24)
    0.534	memory used for DFS stack (-m10000)
  380.292	total actual memory usage


unreached in init
	(0 of 7 states)
unreached in proctype gen_t
	var1.pml:127, state 52, "-end-"
	(1 of 52 states)
unreached in proctype NS
	var1.pml:148, state 20, "-end-"
	(1 of 20 states)
unreached in proctype WN
	var1.pml:169, state 22, "-end-"
	(1 of 22 states)
unreached in proctype NE
	var1.pml:190, state 20, "-end-"
	(1 of 20 states)
unreached in proctype EW
	var1.pml:211, state 20, "-end-"
	(1 of 20 states)
unreached in proctype ES
	var1.pml:232, state 20, "-end-"
	(1 of 20 states)
unreached in proctype SW
	var1.pml:253, state 20, "-end-"
	(1 of 20 states)
unreached in claim p0_1
	_spin_nvr.tmp:8, state 10, "-end-"
	(1 of 10 states)

pan: elapsed time 5.44 seconds
No errors found -- did you verify all claims?
spin -a  var1.pml
ltl p0_1: [] (! (((((NS_L==Green)) && ((WN_L==Green))) && ((SW_L==Green))) && ((EW_L==Green))))
ltl p0_2: [] (! ((((((WN_L==Green)) && ((NS_L==Green))) && ((NE_L==Green))) && ((SW_L==Green))) && ((EW_L==Green))))
ltl p0_3: [] (! (((((EW_L==Green)) && ((NE_L==Green))) && ((WN_L==Green))) && ((NS_L==Green))))
ltl p0_4: [] (! (((((NE_L==Green)) && ((WN_L==Green))) && ((ES_L==Green))) && ((EW_L==Green))))
ltl p0_5: [] (! (((((SW_L==Green)) && ((ES_L==Green))) && ((WN_L==Green))) && ((NS_L==Green))))
ltl p0_6: [] (! ((((ES_L==Green)) && ((SW_L==Green))) && ((NE_L==Green))))
ltl p1_1: [] ((! ((NS_S) && ((NS_L==Red)))) || (<> ((NS_L==Green))))
ltl p1_2: [] ((! ((WN_S) && ((WN_L==Red)))) || (<> ((WN_L==Green))))
ltl p1_3: [] ((! ((NE_S) && ((NE_L==Red)))) || (<> ((NE_L==Green))))
ltl p1_4: [] ((! ((EW_S) && ((EW_L==Red)))) || (<> ((EW_L==Green))))
ltl p1_5: [] ((! ((ES_S) && ((ES_L==Red)))) || (<> ((ES_L==Green))))
ltl p1_6: [] ((! ((SW_S) && ((SW_L==Red)))) || (<> ((SW_L==Green))))
ltl p2_1: [] (! (((NS_L==Green)) && (NS_S)))
ltl p2_2: [] (! (((WN_L==Green)) && (WN_S)))
ltl p2_3: [] (! (((NE_L==Green)) && (NE_S)))
ltl p2_4: [] (! (((EW_L==Green)) && (EW_S)))
ltl p2_5: [] (! (((ES_L==Green)) && (ES_S)))
ltl p2_6: [] (! (((SW_L==Green)) && (SW_S)))
  the model contains 18 never claims: p2_6, p2_5, p2_4, p2_3, p2_2, p2_1, p1_6, p1_5, p1_4, p1_3, p1_2, p1_1, p0_6, p0_5, p0_4, p0_3, p0_2, p0_1
  only one claim is used in a verification run
  choose which one with ./pan -a -N name (defaults to -N p0_1)
gcc -DMEMLIM=1024 -O2 -DXUSAFE -w -o pan pan.c
./pan -m10000  -a -N p1_1
Pid: 3748
pan:1: acceptance cycle (at depth 230)
pan: wrote var1.pml.trail

(Spin Version 6.2.5 -- 3 May 2013)
Warning: Search not completed
	+ Partial Order Reduction

Full statespace search for:
	never claim         	+ (p1_1)
	assertion violations	+ (if within scope of claim)
	acceptance   cycles 	+ (fairness disabled)
	invalid end states	- (disabled by never claim)

State-vector 148 byte, depth reached 233, errors: 1
      117 states, stored
      158 states, matched
      275 transitions (= stored+matched)
        0 atomic steps
hash conflicts:         0 (resolved)

Stats on memory usage (in Megabytes):
    0.020	equivalent memory usage for states (stored*(State-vector + overhead))
    0.251	actual memory usage for states
  128.000	memory used for hash table (-w24)
    0.534	memory used for DFS stack (-m10000)
  128.730	total actual memory usage



pan: elapsed time 0.01 seconds
To replay the error-trail, goto Simulate/Replay and select "Run"
spin -a  var1.pml
ltl p0_1: [] (! (((((NS_L==Green)) && ((WN_L==Green))) && ((SW_L==Green))) && ((EW_L==Green))))
ltl p0_2: [] (! ((((((WN_L==Green)) && ((NS_L==Green))) && ((NE_L==Green))) && ((SW_L==Green))) && ((EW_L==Green))))
ltl p0_3: [] (! (((((EW_L==Green)) && ((NE_L==Green))) && ((WN_L==Green))) && ((NS_L==Green))))
ltl p0_4: [] (! (((((NE_L==Green)) && ((WN_L==Green))) && ((ES_L==Green))) && ((EW_L==Green))))
ltl p0_5: [] (! (((((SW_L==Green)) && ((ES_L==Green))) && ((WN_L==Green))) && ((NS_L==Green))))
ltl p0_6: [] (! ((((ES_L==Green)) && ((SW_L==Green))) && ((NE_L==Green))))
ltl p1_1: [] ((! ((NS_S) && ((NS_L==Red)))) || (<> ((NS_L==Green))))
ltl p1_2: [] ((! ((WN_S) && ((WN_L==Red)))) || (<> ((WN_L==Green))))
ltl p1_3: [] ((! ((NE_S) && ((NE_L==Red)))) || (<> ((NE_L==Green))))
ltl p1_4: [] ((! ((EW_S) && ((EW_L==Red)))) || (<> ((EW_L==Green))))
ltl p1_5: [] ((! ((ES_S) && ((ES_L==Red)))) || (<> ((ES_L==Green))))
ltl p1_6: [] ((! ((SW_S) && ((SW_L==Red)))) || (<> ((SW_L==Green))))
ltl p2_1: [] (<> (! (((NS_L==Green)) && (NS_S))))
ltl p2_2: [] (<> (! (((WN_L==Green)) && (WN_S))))
ltl p2_3: [] (<> (! (((NE_L==Green)) && (NE_S))))
ltl p2_4: [] (<> (! (((EW_L==Green)) && (EW_S))))
ltl p2_5: [] (<> (! (((ES_L==Green)) && (ES_S))))
ltl p2_6: [] (<> (! (((SW_L==Green)) && (SW_S))))
  the model contains 18 never claims: p2_6, p2_5, p2_4, p2_3, p2_2, p2_1, p1_6, p1_5, p1_4, p1_3, p1_2, p1_1, p0_6, p0_5, p0_4, p0_3, p0_2, p0_1
  only one claim is used in a verification run
  choose which one with ./pan -a -N name (defaults to -N p0_1)
gcc -DMEMLIM=1024 -O2 -DXUSAFE -w -o pan pan.c
./pan -m10000  -a -N p2_1
Pid: 3865
pan:1: acceptance cycle (at depth 908)
pan: wrote var1.pml.trail

(Spin Version 6.2.5 -- 3 May 2013)
Warning: Search not completed
	+ Partial Order Reduction

Full statespace search for:
	never claim         	+ (p2_1)
	assertion violations	+ (if within scope of claim)
	acceptance   cycles 	+ (fairness disabled)
	invalid end states	- (disabled by never claim)

State-vector 148 byte, depth reached 911, errors: 1
      455 states, stored
      603 states, matched
     1058 transitions (= stored+matched)
        0 atomic steps
hash conflicts:         0 (resolved)

Stats on memory usage (in Megabytes):
    0.076	equivalent memory usage for states (stored*(State-vector + overhead))
    0.250	actual memory usage for states
  128.000	memory used for hash table (-w24)
    0.534	memory used for DFS stack (-m10000)
  128.730	total actual memory usage



pan: elapsed time 0 seconds
To replay the error-trail, goto Simulate/Replay and select "Run"
spin -a  var1.pml
ltl p0_1: [] (! (((((NS_L==Green)) && ((WN_L==Green))) && ((SW_L==Green))) && ((EW_L==Green))))
ltl p0_2: [] (! ((((((WN_L==Green)) && ((NS_L==Green))) && ((NE_L==Green))) && ((SW_L==Green))) && ((EW_L==Green))))
ltl p0_3: [] (! (((((EW_L==Green)) && ((NE_L==Green))) && ((WN_L==Green))) && ((NS_L==Green))))
ltl p0_4: [] (! (((((NE_L==Green)) && ((WN_L==Green))) && ((ES_L==Green))) && ((EW_L==Green))))
ltl p0_5: [] (! (((((SW_L==Green)) && ((ES_L==Green))) && ((WN_L==Green))) && ((NS_L==Green))))
ltl p0_6: [] (! ((((ES_L==Green)) && ((SW_L==Green))) && ((NE_L==Green))))
ltl p1_1: [] ((! ((NS_S) && ((NS_L==Red)))) || (<> ((NS_L==Green))))
ltl p1_2: [] ((! ((WN_S) && ((WN_L==Red)))) || (<> ((WN_L==Green))))
ltl p1_3: [] ((! ((NE_S) && ((NE_L==Red)))) || (<> ((NE_L==Green))))
ltl p1_4: [] ((! ((EW_S) && ((EW_L==Red)))) || (<> ((EW_L==Green))))
ltl p1_5: [] ((! ((ES_S) && ((ES_L==Red)))) || (<> ((ES_L==Green))))
ltl p1_6: [] ((! ((SW_S) && ((SW_L==Red)))) || (<> ((SW_L==Green))))
ltl p2_1: [] (<> (((NS_L==Green)) && (NS_S)))
ltl p2_2: [] (<> (((WN_L==Green)) && (WN_S)))
ltl p2_3: [] (<> (((NE_L==Green)) && (NE_S)))
ltl p2_4: [] (<> (((EW_L==Green)) && (EW_S)))
ltl p2_5: [] (<> (((ES_L==Green)) && (ES_S)))
ltl p2_6: [] (<> (((SW_L==Green)) && (SW_S)))
  the model contains 18 never claims: p2_6, p2_5, p2_4, p2_3, p2_2, p2_1, p1_6, p1_5, p1_4, p1_3, p1_2, p1_1, p0_6, p0_5, p0_4, p0_3, p0_2, p0_1
  only one claim is used in a verification run
  choose which one with ./pan -a -N name (defaults to -N p0_1)
gcc -DMEMLIM=1024 -O2 -DXUSAFE -w -o pan pan.c
./pan -m10000  -a -N p2_1
Pid: 3890
pan:1: acceptance cycle (at depth 2)
pan: wrote var1.pml.trail

(Spin Version 6.2.5 -- 3 May 2013)
Warning: Search not completed
	+ Partial Order Reduction

Full statespace search for:
	never claim         	+ (p2_1)
	assertion violations	+ (if within scope of claim)
	acceptance   cycles 	+ (fairness disabled)
	invalid end states	- (disabled by never claim)

State-vector 148 byte, depth reached 5, errors: 1
        3 states, stored
        0 states, matched
        3 transitions (= stored+matched)
        0 atomic steps
hash conflicts:         0 (resolved)

Stats on memory usage (in Megabytes):
    0.001	equivalent memory usage for states (stored*(State-vector + overhead))
    0.250	actual memory usage for states
  128.000	memory used for hash table (-w24)
    0.534	memory used for DFS stack (-m10000)
  128.730	total actual memory usage



pan: elapsed time 0 seconds
To replay the error-trail, goto Simulate/Replay and select "Run"
spin -a  var1.pml
ltl p0_1: [] (! (((((NS_L==Green)) && ((WN_L==Green))) && ((SW_L==Green))) && ((EW_L==Green))))
ltl p0_2: [] (! ((((((WN_L==Green)) && ((NS_L==Green))) && ((NE_L==Green))) && ((SW_L==Green))) && ((EW_L==Green))))
ltl p0_3: [] (! (((((EW_L==Green)) && ((NE_L==Green))) && ((WN_L==Green))) && ((NS_L==Green))))
ltl p0_4: [] (! (((((NE_L==Green)) && ((WN_L==Green))) && ((ES_L==Green))) && ((EW_L==Green))))
ltl p0_5: [] (! (((((SW_L==Green)) && ((ES_L==Green))) && ((WN_L==Green))) && ((NS_L==Green))))
ltl p0_6: [] (! ((((ES_L==Green)) && ((SW_L==Green))) && ((NE_L==Green))))
ltl p1_1: [] ((! ((NS_S) && ((NS_L==Red)))) || (<> ((NS_L==Green))))
ltl p1_2: [] ((! ((WN_S) && ((WN_L==Red)))) || (<> ((WN_L==Green))))
ltl p1_3: [] ((! ((NE_S) && ((NE_L==Red)))) || (<> ((NE_L==Green))))
ltl p1_4: [] ((! ((EW_S) && ((EW_L==Red)))) || (<> ((EW_L==Green))))
ltl p1_5: [] ((! ((ES_S) && ((ES_L==Red)))) || (<> ((ES_L==Green))))
ltl p1_6: [] ((! ((SW_S) && ((SW_L==Red)))) || (<> ((SW_L==Green))))
ltl p2_1: [] (<> (! (((NS_L==Green)) && (NS_S))))
ltl p2_2: [] (<> (! (((WN_L==Green)) && (WN_S))))
ltl p2_3: [] (<> (! (((NE_L==Green)) && (NE_S))))
ltl p2_4: [] (<> (! (((EW_L==Green)) && (EW_S))))
ltl p2_5: [] (<> (! (((ES_L==Green)) && (ES_S))))
ltl p2_6: [] (<> (! (((SW_L==Green)) && (SW_S))))
  the model contains 18 never claims: p2_6, p2_5, p2_4, p2_3, p2_2, p2_1, p1_6, p1_5, p1_4, p1_3, p1_2, p1_1, p0_6, p0_5, p0_4, p0_3, p0_2, p0_1
  only one claim is used in a verification run
  choose which one with ./pan -a -N name (defaults to -N p0_1)
gcc -DMEMLIM=1024 -O2 -DXUSAFE -w -o pan pan.c
./pan -m10000  -a -N p2_1
Pid: 3920
pan:1: acceptance cycle (at depth 908)
pan: wrote var1.pml.trail

(Spin Version 6.2.5 -- 3 May 2013)
Warning: Search not completed
	+ Partial Order Reduction

Full statespace search for:
	never claim         	+ (p2_1)
	assertion violations	+ (if within scope of claim)
	acceptance   cycles 	+ (fairness disabled)
	invalid end states	- (disabled by never claim)

State-vector 148 byte, depth reached 911, errors: 1
      455 states, stored
      603 states, matched
     1058 transitions (= stored+matched)
        0 atomic steps
hash conflicts:         0 (resolved)

Stats on memory usage (in Megabytes):
    0.076	equivalent memory usage for states (stored*(State-vector + overhead))
    0.250	actual memory usage for states
  128.000	memory used for hash table (-w24)
    0.534	memory used for DFS stack (-m10000)
  128.730	total actual memory usage



pan: elapsed time 0.01 seconds
To replay the error-trail, goto Simulate/Replay and select "Run"
spin -a  var1.pml
ltl p0_1: [] (! (((((NS_L==Green)) && ((WN_L==Green))) && ((SW_L==Green))) && ((EW_L==Green))))
ltl p0_2: [] (! ((((((WN_L==Green)) && ((NS_L==Green))) && ((NE_L==Green))) && ((SW_L==Green))) && ((EW_L==Green))))
ltl p0_3: [] (! (((((EW_L==Green)) && ((NE_L==Green))) && ((WN_L==Green))) && ((NS_L==Green))))
ltl p0_4: [] (! (((((NE_L==Green)) && ((WN_L==Green))) && ((ES_L==Green))) && ((EW_L==Green))))
ltl p0_5: [] (! (((((SW_L==Green)) && ((ES_L==Green))) && ((WN_L==Green))) && ((NS_L==Green))))
ltl p0_6: [] (! ((((ES_L==Green)) && ((SW_L==Green))) && ((NE_L==Green))))
ltl p1_1: ! ([] ((! ((NS_S) && ((NS_L==Red)))) || (<> ((NS_L==Green)))))
ltl p1_2: ! ([] ((! ((WN_S) && ((WN_L==Red)))) || (<> ((WN_L==Green)))))
ltl p1_3: ! ([] ((! ((NE_S) && ((NE_L==Red)))) || (<> ((NE_L==Green)))))
ltl p1_4: ! ([] ((! ((EW_S) && ((EW_L==Red)))) || (<> ((EW_L==Green)))))
ltl p1_5: ! ([] ((! ((ES_S) && ((ES_L==Red)))) || (<> ((ES_L==Green)))))
ltl p1_6: ! ([] ((! ((SW_S) && ((SW_L==Red)))) || (<> ((SW_L==Green)))))
ltl p2_1: ! ([] (<> (! (((NS_L==Green)) && (NS_S)))))
ltl p2_2: ! ([] (<> (! (((WN_L==Green)) && (WN_S)))))
ltl p2_3: ! ([] (<> (! (((NE_L==Green)) && (NE_S)))))
ltl p2_4: ! ([] (<> (! (((EW_L==Green)) && (EW_S)))))
ltl p2_5: ! ([] (<> (! (((ES_L==Green)) && (ES_S)))))
ltl p2_6: ! ([] (<> (! (((SW_L==Green)) && (SW_S)))))
  the model contains 18 never claims: p2_6, p2_5, p2_4, p2_3, p2_2, p2_1, p1_6, p1_5, p1_4, p1_3, p1_2, p1_1, p0_6, p0_5, p0_4, p0_3, p0_2, p0_1
  only one claim is used in a verification run
  choose which one with ./pan -a -N name (defaults to -N p0_1)
gcc -DMEMLIM=1024 -O2 -DXUSAFE -w -o pan pan.c
./pan -m10000  -a -N p2_1
Pid: 4072
pan:1: acceptance cycle (at depth 2)
pan: wrote var1.pml.trail

(Spin Version 6.2.5 -- 3 May 2013)
Warning: Search not completed
	+ Partial Order Reduction

Full statespace search for:
	never claim         	+ (p2_1)
	assertion violations	+ (if within scope of claim)
	acceptance   cycles 	+ (fairness disabled)
	invalid end states	- (disabled by never claim)

State-vector 148 byte, depth reached 5, errors: 1
        3 states, stored
        0 states, matched
        3 transitions (= stored+matched)
        0 atomic steps
hash conflicts:         0 (resolved)

Stats on memory usage (in Megabytes):
    0.001	equivalent memory usage for states (stored*(State-vector + overhead))
    0.239	actual memory usage for states
  128.000	memory used for hash table (-w24)
    0.534	memory used for DFS stack (-m10000)
  128.730	total actual memory usage



pan: elapsed time 0 seconds
To replay the error-trail, goto Simulate/Replay and select "Run"
spin -a  var1.pml
ltl p0_1: [] (! (((((NS_L==Green)) && ((WN_L==Green))) && ((SW_L==Green))) && ((EW_L==Green))))
ltl p0_2: [] (! ((((((WN_L==Green)) && ((NS_L==Green))) && ((NE_L==Green))) && ((SW_L==Green))) && ((EW_L==Green))))
ltl p0_3: [] (! (((((EW_L==Green)) && ((NE_L==Green))) && ((WN_L==Green))) && ((NS_L==Green))))
ltl p0_4: [] (! (((((NE_L==Green)) && ((WN_L==Green))) && ((ES_L==Green))) && ((EW_L==Green))))
ltl p0_5: [] (! (((((SW_L==Green)) && ((ES_L==Green))) && ((WN_L==Green))) && ((NS_L==Green))))
ltl p0_6: [] (! ((((ES_L==Green)) && ((SW_L==Green))) && ((NE_L==Green))))
ltl p1_1: ! ([] ((! ((NS_S) && ((NS_L==Red)))) || (<> ((NS_L==Green)))))
ltl p1_2: ! ([] ((! ((WN_S) && ((WN_L==Red)))) || (<> ((WN_L==Green)))))
ltl p1_3: ! ([] ((! ((NE_S) && ((NE_L==Red)))) || (<> ((NE_L==Green)))))
ltl p1_4: ! ([] ((! ((EW_S) && ((EW_L==Red)))) || (<> ((EW_L==Green)))))
ltl p1_5: ! ([] ((! ((ES_S) && ((ES_L==Red)))) || (<> ((ES_L==Green)))))
ltl p1_6: ! ([] ((! ((SW_S) && ((SW_L==Red)))) || (<> ((SW_L==Green)))))
ltl p2_1: ! ([] (<> (((NS_L==Green)) && (NS_S))))
ltl p2_2: ! ([] (<> (((WN_L==Green)) && (WN_S))))
ltl p2_3: ! ([] (<> (((NE_L==Green)) && (NE_S))))
ltl p2_4: ! ([] (<> (((EW_L==Green)) && (EW_S))))
ltl p2_5: ! ([] (<> (((ES_L==Green)) && (ES_S))))
ltl p2_6: ! ([] (<> (((SW_L==Green)) && (SW_S))))
  the model contains 18 never claims: p2_6, p2_5, p2_4, p2_3, p2_2, p2_1, p1_6, p1_5, p1_4, p1_3, p1_2, p1_1, p0_6, p0_5, p0_4, p0_3, p0_2, p0_1
  only one claim is used in a verification run
  choose which one with ./pan -a -N name (defaults to -N p0_1)
gcc -DMEMLIM=1024 -O2 -DXUSAFE -w -o pan pan.c
./pan -m10000  -a -N p2_1
Pid: 4094
pan:1: acceptance cycle (at depth 918)
pan: wrote var1.pml.trail

(Spin Version 6.2.5 -- 3 May 2013)
Warning: Search not completed
	+ Partial Order Reduction

Full statespace search for:
	never claim         	+ (p2_1)
	assertion violations	+ (if within scope of claim)
	acceptance   cycles 	+ (fairness disabled)
	invalid end states	- (disabled by never claim)

State-vector 148 byte, depth reached 921, errors: 1
      460 states, stored
      609 states, matched
     1069 transitions (= stored+matched)
        0 atomic steps
hash conflicts:         0 (resolved)

Stats on memory usage (in Megabytes):
    0.077	equivalent memory usage for states (stored*(State-vector + overhead))
    0.239	actual memory usage for states
  128.000	memory used for hash table (-w24)
    0.534	memory used for DFS stack (-m10000)
  128.730	total actual memory usage



pan: elapsed time 0 seconds
To replay the error-trail, goto Simulate/Replay and select "Run"
spin -a  var1.pml
ltl p0_1: [] (! (((((NS_L==Green)) && ((WN_L==Green))) && ((SW_L==Green))) && ((EW_L==Green))))
ltl p0_2: [] (! ((((((WN_L==Green)) && ((NS_L==Green))) && ((NE_L==Green))) && ((SW_L==Green))) && ((EW_L==Green))))
ltl p0_3: [] (! (((((EW_L==Green)) && ((NE_L==Green))) && ((WN_L==Green))) && ((NS_L==Green))))
ltl p0_4: [] (! (((((NE_L==Green)) && ((WN_L==Green))) && ((ES_L==Green))) && ((EW_L==Green))))
ltl p0_5: [] (! (((((SW_L==Green)) && ((ES_L==Green))) && ((WN_L==Green))) && ((NS_L==Green))))
ltl p0_6: [] (! ((((ES_L==Green)) && ((SW_L==Green))) && ((NE_L==Green))))
ltl p1_1: ! ([] ((! ((NS_S) && ((NS_L==Red)))) || (<> ((NS_L==Green)))))
ltl p1_2: [] ((! ((WN_S) && ((WN_L==Red)))) || (<> ((WN_L==Green))))
ltl p1_3: [] ((! ((NE_S) && ((NE_L==Red)))) || (<> ((NE_L==Green))))
ltl p1_4: [] ((! ((EW_S) && ((EW_L==Red)))) || (<> ((EW_L==Green))))
ltl p1_5: [] ((! ((ES_S) && ((ES_L==Red)))) || (<> ((ES_L==Green))))
ltl p1_6: [] ((! ((SW_S) && ((SW_L==Red)))) || (<> ((SW_L==Green))))
ltl p2_1: [] (<> (! (((NS_L==Green)) && (NS_S))))
ltl p2_2: [] (<> (! (((WN_L==Green)) && (WN_S))))
ltl p2_3: [] (<> (! (((NE_L==Green)) && (NE_S))))
ltl p2_4: [] (<> (! (((EW_L==Green)) && (EW_S))))
ltl p2_5: [] (<> (! (((ES_L==Green)) && (ES_S))))
ltl p2_6: [] (<> (! (((SW_L==Green)) && (SW_S))))
  the model contains 18 never claims: p2_6, p2_5, p2_4, p2_3, p2_2, p2_1, p1_6, p1_5, p1_4, p1_3, p1_2, p1_1, p0_6, p0_5, p0_4, p0_3, p0_2, p0_1
  only one claim is used in a verification run
  choose which one with ./pan -a -N name (defaults to -N p0_1)
gcc -DMEMLIM=1024 -O2 -DXUSAFE -w -o pan pan.c
./pan -m10000  -a -N p1_1
Pid: 4116
pan:1: acceptance cycle (at depth 2)
pan: wrote var1.pml.trail

(Spin Version 6.2.5 -- 3 May 2013)
Warning: Search not completed
	+ Partial Order Reduction

Full statespace search for:
	never claim         	+ (p1_1)
	assertion violations	+ (if within scope of claim)
	acceptance   cycles 	+ (fairness disabled)
	invalid end states	- (disabled by never claim)

State-vector 148 byte, depth reached 5, errors: 1
        3 states, stored
        0 states, matched
        3 transitions (= stored+matched)
        0 atomic steps
hash conflicts:         0 (resolved)

Stats on memory usage (in Megabytes):
    0.001	equivalent memory usage for states (stored*(State-vector + overhead))
    0.249	actual memory usage for states
  128.000	memory used for hash table (-w24)
    0.534	memory used for DFS stack (-m10000)
  128.730	total actual memory usage



pan: elapsed time 0 seconds
To replay the error-trail, goto Simulate/Replay and select "Run"
spin -a  var1.pml
ltl p0_1: [] (! (((((NS_L==Green)) && ((WN_L==Green))) && ((SW_L==Green))) && ((EW_L==Green))))
ltl p0_2: [] (! ((((((WN_L==Green)) && ((NS_L==Green))) && ((NE_L==Green))) && ((SW_L==Green))) && ((EW_L==Green))))
ltl p0_3: [] (! (((((EW_L==Green)) && ((NE_L==Green))) && ((WN_L==Green))) && ((NS_L==Green))))
ltl p0_4: [] (! (((((NE_L==Green)) && ((WN_L==Green))) && ((ES_L==Green))) && ((EW_L==Green))))
ltl p0_5: [] (! (((((SW_L==Green)) && ((ES_L==Green))) && ((WN_L==Green))) && ((NS_L==Green))))
ltl p0_6: [] (! ((((ES_L==Green)) && ((SW_L==Green))) && ((NE_L==Green))))
ltl p1_1: [] ((! ((NS_S) && ((NS_L==Red)))) || (<> ((NS_L==Green))))
ltl p1_2: [] ((! ((WN_S) && ((WN_L==Red)))) || (<> ((WN_L==Green))))
ltl p1_3: [] ((! ((NE_S) && ((NE_L==Red)))) || (<> ((NE_L==Green))))
ltl p1_4: [] ((! ((EW_S) && ((EW_L==Red)))) || (<> ((EW_L==Green))))
ltl p1_5: [] ((! ((ES_S) && ((ES_L==Red)))) || (<> ((ES_L==Green))))
ltl p1_6: [] ((! ((SW_S) && ((SW_L==Red)))) || (<> ((SW_L==Green))))
ltl p2_1: [] (<> (! (((NS_L==Green)) && (NS_S))))
ltl p2_2: [] (<> (! (((WN_L==Green)) && (WN_S))))
ltl p2_3: [] (<> (! (((NE_L==Green)) && (NE_S))))
ltl p2_4: [] (<> (! (((EW_L==Green)) && (EW_S))))
ltl p2_5: [] (<> (! (((ES_L==Green)) && (ES_S))))
ltl p2_6: [] (<> (! (((SW_L==Green)) && (SW_S))))
  the model contains 18 never claims: p2_6, p2_5, p2_4, p2_3, p2_2, p2_1, p1_6, p1_5, p1_4, p1_3, p1_2, p1_1, p0_6, p0_5, p0_4, p0_3, p0_2, p0_1
  only one claim is used in a verification run
  choose which one with ./pan -a -N name (defaults to -N p0_1)
gcc -DMEMLIM=1024 -O2 -DXUSAFE -w -o pan pan.c
./pan -m10000  -a -N p1_1
Pid: 4143
pan:1: acceptance cycle (at depth 230)
pan: wrote var1.pml.trail

(Spin Version 6.2.5 -- 3 May 2013)
Warning: Search not completed
	+ Partial Order Reduction

Full statespace search for:
	never claim         	+ (p1_1)
	assertion violations	+ (if within scope of claim)
	acceptance   cycles 	+ (fairness disabled)
	invalid end states	- (disabled by never claim)

State-vector 148 byte, depth reached 233, errors: 1
      117 states, stored
      158 states, matched
      275 transitions (= stored+matched)
        0 atomic steps
hash conflicts:         0 (resolved)

Stats on memory usage (in Megabytes):
    0.020	equivalent memory usage for states (stored*(State-vector + overhead))
    0.250	actual memory usage for states
  128.000	memory used for hash table (-w24)
    0.534	memory used for DFS stack (-m10000)
  128.730	total actual memory usage



pan: elapsed time 0 seconds
To replay the error-trail, goto Simulate/Replay and select "Run"
spin -a  var1.pml
ltl p0_1: [] (! (((((NS_L==Green)) && ((WN_L==Green))) && ((SW_L==Green))) && ((EW_L==Green))))
ltl p0_2: [] (! ((((((WN_L==Green)) && ((NS_L==Green))) && ((NE_L==Green))) && ((SW_L==Green))) && ((EW_L==Green))))
ltl p0_3: [] (! (((((EW_L==Green)) && ((NE_L==Green))) && ((WN_L==Green))) && ((NS_L==Green))))
ltl p0_4: [] (! (((((NE_L==Green)) && ((WN_L==Green))) && ((ES_L==Green))) && ((EW_L==Green))))
ltl p0_5: [] (! (((((SW_L==Green)) && ((ES_L==Green))) && ((WN_L==Green))) && ((NS_L==Green))))
ltl p0_6: [] (! ((((ES_L==Green)) && ((SW_L==Green))) && ((NE_L==Green))))
ltl p1_1: [] ((! ((NS_S) && ((NS_L==Red)))) || (<> ((NS_L==Green))))
ltl p1_2: [] ((! ((WN_S) && ((WN_L==Red)))) || (<> ((WN_L==Green))))
ltl p1_3: [] ((! ((NE_S) && ((NE_L==Red)))) || (<> ((NE_L==Green))))
ltl p1_4: [] ((! ((EW_S) && ((EW_L==Red)))) || (<> ((EW_L==Green))))
ltl p1_5: [] ((! ((ES_S) && ((ES_L==Red)))) || (<> ((ES_L==Green))))
ltl p1_6: [] ((! ((SW_S) && ((SW_L==Red)))) || (<> ((SW_L==Green))))
ltl p2_1: [] (<> (! (((NS_L==Green)) && (NS_S))))
ltl p2_2: [] (<> (! (((WN_L==Green)) && (WN_S))))
ltl p2_3: [] (<> (! (((NE_L==Green)) && (NE_S))))
ltl p2_4: [] (<> (! (((EW_L==Green)) && (EW_S))))
ltl p2_5: [] (<> (! (((ES_L==Green)) && (ES_S))))
ltl p2_6: [] (<> (! (((SW_L==Green)) && (SW_S))))
  the model contains 18 never claims: p2_6, p2_5, p2_4, p2_3, p2_2, p2_1, p1_6, p1_5, p1_4, p1_3, p1_2, p1_1, p0_6, p0_5, p0_4, p0_3, p0_2, p0_1
  only one claim is used in a verification run
  choose which one with ./pan -a -N name (defaults to -N p0_1)
gcc -DMEMLIM=1024 -O2 -DXUSAFE -w -o pan pan.c
./pan -m10000  -a -N p0_1
Pid: 4242
Depth=    3586 States=    1e+06 Transitions= 3.89e+06 Memory=   212.616	t=      1.6 R=   6e+05
Depth=    3586 States=    2e+06 Transitions= 7.62e+06 Memory=   296.601	t=     3.17 R=   6e+05

(Spin Version 6.2.5 -- 3 May 2013)
	+ Partial Order Reduction

Full statespace search for:
	never claim         	+ (p0_1)
	assertion violations	+ (if within scope of claim)
	acceptance   cycles 	+ (fairness disabled)
	invalid end states	- (disabled by never claim)

State-vector 148 byte, depth reached 3586, errors: 0
  2997002 states, stored
  8548319 states, matched
 11545321 transitions (= stored+matched)
        0 atomic steps
hash conflicts:    328613 (resolved)

Stats on memory usage (in Megabytes):
  503.037	equivalent memory usage for states (stored*(State-vector + overhead))
  251.951	actual memory usage for states (compression: 50.09%)
         	state-vector as stored = 60 byte + 28 byte overhead
  128.000	memory used for hash table (-w24)
    0.534	memory used for DFS stack (-m10000)
  380.292	total actual memory usage


unreached in init
	(0 of 7 states)
unreached in proctype gen_t
	var1.pml:127, state 52, "-end-"
	(1 of 52 states)
unreached in proctype NS
	var1.pml:148, state 20, "-end-"
	(1 of 20 states)
unreached in proctype WN
	var1.pml:169, state 22, "-end-"
	(1 of 22 states)
unreached in proctype NE
	var1.pml:190, state 20, "-end-"
	(1 of 20 states)
unreached in proctype EW
	var1.pml:211, state 20, "-end-"
	(1 of 20 states)
unreached in proctype ES
	var1.pml:232, state 20, "-end-"
	(1 of 20 states)
unreached in proctype SW
	var1.pml:253, state 20, "-end-"
	(1 of 20 states)
unreached in claim p0_1
	_spin_nvr.tmp:8, state 10, "-end-"
	(1 of 10 states)

pan: elapsed time 4.8 seconds
No errors found -- did you verify all claims?


